500
0 4765 9615 7219 8920 6067 3536 6029 839 7736 6822 6920 4181 6545 4014 5097 2791 3979 8332 2581 8711 5715 79 3074
1 1529 3701 7212 6811 1783 1815 490 3372 7491 8174 6161 7883
2 2000 6729 8601 5413 1799 6477 7254 1310 9742 9653 1858 436 5577 8331 4100 5829 1945 6295 8396
3 5555 1408 987 5220 6933 9062 1785 8661 24 1324 5533 5362 6613 6134 569
4 4314 199 5445 8462 6153 5038 1710 6134 6251 75 7569 8209 8893 3731 6611 8428 4928 1319 3781 2028 8251 6139 6075 3697 5794 269 3750 9723 3923 7509 8300 6459 2972 2168 4364 1873 4857 6544 8055 3963 8242 4507 9374 712 8728
5 7413 5445 8212 5677 4423 4004 8445 1552 3509 960 88 1504 7135 1535 8841 2698 9815 8855 7210 4823 2740 1979 5896 7202 8634 3231 1139 4602 3790 2902 3806 5623 8111 3651 733 1615 4356 4574 700 7692 6454 6049 5748 6327 7652
6 8616 3447 4313 4903 8950 6325 9610 608 3754 4325 4203 478 6254 8690 7699
7 5880 9834 7759 8343 3158 6296 5445 5401 6712 367 1289 7077 6187 8982 1479 6254 1628 8386 3835 1905 3656 2189 6011 2244 7110 7979 8197 1414 3513 7664 9443 7728 8268 8044 9159 3843 1839 5194 6928 8712 5177 321 5326 6482 5437 9244
8 2240 3144 2986 4909 3905 5386 5193 6625 8934 6608 9036 5457 8693 5572 4367 6696 4616 7486 9586 9211 8221 2818 9989 5429 955 3374 6184 9713 84 8723 883 5690 9175 1296 5301 2811 946 5948 7984 6478 5670 139 5483 8711
9 9175 4857 4416 6168 2297 7201 7817 5346 2483 3580 1188 2898 3006 2327
10 4855 1105 8193 843 2155 2480 9731 6170 7688 5326 2929 1330 7434 8935 3537 1396 8716 9749 6460 3932 1846 3052 5239 6662 8142 1272 5523 5185 1436 9921 9804 3172 4651 489 716 7467 6570 2750 2475 8157 7874 7438 2
11 955 7933 7641 755 2103 741 960 2973 5037 5401 2105 4493 9640 8940 246 5132 2890 2651 5445 4855
12 8222 5897 9057 5449 747 8138 1201 3592 5692 9979
13 745 1058 3905 7012 1647 6428 4526 4787 3932 5752 8183 307 1702 1305 7740 5413 5942 3547 3673 6401 9259 5365 4365 2792 6139 705 8532 5465 7151 2458 3235 9449 5831 1124 8790 6018 4326 9942 4314 935
14 5321 2937 4191 9360 9303 4553 175 5700 9271 4088 8748 6390 7699 3543 9930 259
15 9032 8423 108 5090 3612 2897 3561 2005 467 6024 5993 246 2136 7586 227 7198 5349 2711 3049 9233 220 8531 1869 6225 6962 7082 5654 8309 5756 8710 1452 545 4081 4610 4246 9652 6651 5198 4619 6797 8994 9573 6030
16 7438 1774 979 1121 5917 6465 4624 1611 6945 3827 475 9483 5253 4079 425 6359 5090 6369 5857 8925 6214 4377 376 5660 6099 9621 2856 9837 7537 5604 7474 6321 3652 9757 6218 3804 3109 8690 159 5109 4151 4888 7606 3629 8180 6712 8644 2327 7699
17 7806 1079 8183 4071 46 2439 3561 1043 3160 7367 9260 3395 4418 2732 1607 5132 7706 490 8210 8979 7151 4297 7077 8993 1846 7840 6770 2232 6381 4660 6547
18 6609 7394 6157 7813 7614 4094 9957 9473 1699 6585 4626 5887 3936 2643 7120
19 1220 8135 8090 7143 8275 8655 8148 2798 4411 3018 3576 9316 5086 9696 4266 9230 205
20 9161 6776 7174 9388 1604 1055 1629 6962 3753 8125
21 2348 1551 2588 5595 7837 5722 1894 8174 1774 3023 9533
22 6996 2159 8789 7192 3038 7772 9122 4475 573 973 3212 5430 9107 9842
23 5995 349 3579 8683 969 4635 6069 7765 8715 3691 2162 1208 5714 8351 7736 6528 7055 8125 1625 3144 3936
24 5673 5360 4514 1413 4722 2098 2418 9264 9028 4524 3588 8937 6327 4176 4352 1534 6534 8994
25 1138 777 9062 3207 3287 6468 2081 7650 7231 319 9965 1299 3936
26 666 7865 2368 9474 6083 5920 2648 4360 2496 401 5993 8683 945 904 3427 5917 4958 5962
27 7697 3058 3680 7126 4567 3435 27 7482 1730 3278 8018 9499 3072 3520 3521
28 5412 8043 1125 4679 4045 2732 133 9004 9806 4294 5742 7210 4356 6962 130 7180 7438 7604 5948 2123 8690 2982 977 1892 1841 941 1251 9496 3850 1077 3909 9036 663 9968
29 2933 3322 4926 67 6668 7495 6489 4240 3880 9700 29 6588 937
30 2 5962 1353 7320 6161 3073 6584 7987 5063 1900 511 6945 2439 4011 5543 9043 9036 8195 4423 9428 1137 8908 5668 5925 4913 6139 2292 9548 8583 3064 6511 6785 6701 585 9120 3709 9407 6352 4428 9666 1374 9040 8726 6359 7997 9545 9842
31 7881 1943 1551 6994 7455 179 1320 1682 6900 8061 218 3077 2555
32 2977 1760 1974 3516 5908 3872 9914 1879 4001 3154 678 1979 2240 5715
33 2970 6460 8267 9273 5818 4021 3718 9404 9928 6770 4242 4007 1273 7178 2239 2342 5319 5483 7636 7618 997 5138 7854 9114 7517 2288
34 9199 935 412 5643 4531 9197 2538 7950 3795 7454 5413 9659 8982 5607 3865 6734 5434 8931 8986 3048 9327 2653 279 6391 1878 8392 8733 2817 3821 4606 3987 5234 9162 3747 3515 3153 7060 5335 8506 7456 7429
35 7516 6087 7619 4940 4552 4440 8426 6221 5283 6819 1554 3074
36 4638 5041 220 2357 6589 4760 9695 2725 6459 4550 1835 4527 7762 2288
37 5307 1429 5341 1353 3379 5451 7806 2125 4901 7933 8418 8470 5072 1009 8015 585 8134 1137 5397 4695 3405 232 9259 1079 4783 8858 7318 8532 7013 2711 5668 820 6230 8223 2393 1192 1077 2097 2275 8539 5080 6567 813 7012 4501 7438
38 2264 5053 6101 1546 2175 8618 5504 6675 5448 3240 2818 3926 7511 9260 5966 9480 8157 7895 4354 5234 8685 1962 9398 8176 9349 6767 3679 7142 2737 8539 3869 3814 1969 9961 1533 438 5067 5365 1470 4245 7831 9995 4780 5445
39 8997 5890 5652 3761 1640 3066 3210 1586 1380 8475 9384 5086 2876 2240 7438 9075 7153
40 7272 1743 6462 8289 2208 9394 4182 3071 9291 9464 8406
41 4512 3627 3266 2869 5532 3613 5476 5375
42 3936 4531 3981 6014 4107 5788 9013 7055 4367 9260 2651 9467 1139 7852 3752 425 3505 4146 1323 9640 2101 5860 9558 3101 1063 5865 2156 582 1035 8078 2088 4442 6054 7949 4326 8387 3012
43 9440 9779 8614 7140 965 6616 291 1185 1237 7526 4253 474 7796 145
44 3461 9899 3669 4702 9005 7844 6824 8978 6209 1315 5511 4010 5033 5307 8491
45 2615 1524 2666 3103 3111 5643 3543 6270 4399 7545 9688 2209 6178 6487 6744 7 3160 5254 9008 4558 6351 8756 3047 9496 2537 8223 6511 5385 4068 7221 4159 1083 279 8135 2792 2699 6437 1574 1341 7765 1156 6214 8598 4651 8663 6555 1381 5459 4385 7949 5129 3023 8125 569 2 5412
46 8122 2335 1220 571 6145 5356 7443 9317 7925 6670 8018 3767 7610 5322 427 2121
47 7880 1476 6545 7669 1552 7049 3379 8539 9107 6292 9713 9219 3047 2349 7410 6829 3752 6840 9132 937 1081 7457 8344 1045 6696 1368 9775 152 4280 379 5615 1536 1209 5912 9139 8599
48 7649 3338 9576 7966 4292 7111 2307 1508 9686 2852 6073
49 5679 9383 5558 3501 1374 8364 9739 3562 3015 214 2963 7983 6020 1668 9968 2240
50 5035 5000 5012 1229 368 9867 2493 4789 4976 9777 9178 4020 321 5880
51 1677 9349 8175 3537 5330 7511 2691 9040 3512 4886 2857 8192 5553 6903 9822 3533 9908 3022 6899 6938 5748 7949
52 6556 9750 5376 8029 3536 385 3754 3542 3677 7911 175 2962 9244 4855 139 2923 935 1145 9615 9533
53 2759 2571 4758 1051 6290 1894 6111 620 8295 7072 8528
54 7665 6388 9335 9566 2510 6229 4683 7059 7538 3772 393 7373 8212 3232
55 120 8097 8721 8695 3815 1696 1418 8768 4696 977 1607 5412 3894
56 668 6515 9060 7041 2540 4842 6057 4133 9414 4245 5068 4572 1651 9021 9000 2552 6405 8684 4913 1238
57 8478 5735 6725 8523 361 9472 4087 8732 3755 1547 4361 5866 3914
58 1753 8177 5337 3777 4126 3822 9678 7700 7473 6135 2898 4619 3427 4660 420 935
59 8342 9806 6795 7979 9474 3269 5512 7182 1932 2335 9846 3297 667 6110 4536 385 366 188 5762
60 2683 3322 8720 8107 4484 5682 7058 1104 4711 122 9443 3894 79
61 3894 4199 6547 4340 9013 5386 4967 9023 2304 369 6280 8092 1328 5583 5572 5993 6292 518 5193 6692 4401 6170 673 3507 1570 5339 730 6139 9428 802 6001 7997 9712 8290 412 3666 1429 7012 6778 8503 8663 6503 4801 7842 2858 2966 4442 3408 6550 8605 1904 4497 8022 9433 9837 3747 1216 3269 2100 7881 8218 6528 2643 5917 5848 9968
62 3637 6155 2335 122 3950 9332 1980 2798 5666 6234 3552 7813 8592 4281 9683 101 5740 208 8812 9991 745 4985 5307
63 5784 6196 3541 3261 2679 1353 7026 5088 2383 4282 9120 1358 1538 2263 8908 8912 7369 207 8344 4188 6074 5177 9645 7036 1798 8189 9995 2416 2842 6921 2990 7698 3275 4193 7556 503 1373 6850 6178 1496
64 1929 4086 6680 349 64 502 9740 4840 8298 6651 6575 9294 2350 6760 1164
65 1674 944 8991 2193 5479 2532 7641 7169 3664 2750 1903 1080 4572 9887 6711 1472 9094 9305 8848 9669 6021 1668
66 8236 1623 4966 4347 5352 6786 2578 9745 304 1272 3178 9187 1044 6290 6104 6966 7486 7684 5605 1123 6082 6938 3877
67 7461 28 5763 3743 2531 8510 460 6109 8941 6281 7652 9007
68 3116 8123 9738 7470 2248 967 5842 4654 3188 6897 3066 3885 7949
69 9161 6159 6199 1159 5999 4604 2359 8237 9709 5748
70 289 96 336 190 8090 5272 8388 6013 7136 9803 3197 3968 4695 6802 7880
71 7708 6918 2893 3099 137 6952 5474 4858 3365 9039 5180 5362 2463 6103 2811 234 7053 8431 1668
72 1098 1124 214 4859 4411 9416 9577 404 1097 4235 631 5544
73 9854 701 6556 4105 9740 6583 7161 885 4492 3150 6130 6101 8812 7699
74 7572 5536 7502 5913 8395 3199 4792 6088 7380 3337 948 4948
75 5800 5928 2117 6211 5615 7063 6598 9341 5833 7702 9802 3681 3555 1627 4271 190 6554 4985 4352
76 935 3543 1625 625 9848 6082 3758 2735 1822 1750 6528 1552 8987 6545 399 7191 511 2239 7213 5224 9290 2393 5636 6334 8092 3567 3699 5793 3117 6261 5526 1757 1606 1953 6914 4493 7239 7568 4306 1356 5794 4660 2704 2240 5715
77 1682 5221 3998 8266 7363 8186 6117 3911 4578 8418 3364 5462 3758 1343 745
78 8125 6054 8711 9139 199 7652 4624 1496 1091 523 7200 6955 5547 6470 5504 8816 7050 2000 279 3285 2176 8891 250 731 3092 691 4720 2569 3154 9215 1408 2911 3578 2286 6347 5901 6925 8410 253 2123 3835 5880 6827
79 9770 1204 3772 1301 281 1570 3226 8252 2798 1381 5622 2365 8594 6843 1722 1911 6388 8005 6938
80 8940 9442 6290 4368 3516 5262 7726 9049 8171 9244 6576 3376 4241 847 8491 3012
81 8716 3584 3753 5775 6687 7845 9947 4069 8883 4234 5849 8566 4180 4988 8345 7304 6699 7752 3326 9290 8441 8612 8912 3916 6343 6226 6526 6464 7692 8784 9087 7419 7755 133 3532 6374 2289 1153 648 8894 6216 2240
82 7840 2353 8334 7665 8327 633 3616 9151 5619 1414 8332
83 2712 3289 1769 5513 2111 2390 4613 3189 1847 6038 2651 9299 4531 1343 3074
84 6162 8427 6225 9254 9524 1095 6934 914 4591 8085 6329 6780 2196 6507 321 9129 8910 2422 183 3032 5715 8491 7699 2288
85 1105 2643 5767 7806 8069 6360 4350 1066 4362 8600 2158 3533 9757 3561 8423 1505 2810 3937 6460 2600 5245 7243 9936 858 1667 519 5211 2988 4581 7833 6683 4333 7692 4647 5557 1360 1153 5899 6030
86 4579 7704 1419 2232 9154 6078 6174 2597 3580 2063 2017 8814 2240 5507
87 1534 1979 1238 9270 732 8235 7133 8910 7732 4526 8169 7210 2085 9007 3507 7438 8484 6141 8881 7968 469 7806 7026 1567 5099 971 5203 761 2565 6430 4108 5654 8519 2518 523 5166 7694 5143 1544 6250 7347 5553 7379 5857 1657 6326 352 4199 7949
88 7228 4564 303 3009 3559 360 3431 8024 7123 3601 2894 7855 7960 9930 2288 2555
89 7937 1553 7174 7000 2213 1334 1635 1173 6021
90 1561 2734 1577 1896 6026 8191 3709 3699 7844 9285 8834 5006 6635 6938
91 2101 6274 5035 6192 9159 8270 4894 5954 9976 5756 6485 2627 9791 7170 1473 4962 8193 155 4531
92 5053 9731 867 3708 105 4836 1353 5799 6236 5419 7820 2255 952 1439 726 9593 3950 4253 9191 4002 9014 720 4401 3087 5477 174 5838 647 5341 2240 6635 321
93 9948 739 473 8716 1456 6458 6 2847 8504 1546 4039 183 1392 3146 7481 365 155 1557 2340
94 8928 9071 5859 7393 4999 8031 5160 3167 6758 7501 1423 156 7444 4326 183 7285 7806 712 2439 7413
95 4084 1264 8040 2446 8874 6691 7993 1107 4354 2257 9780 3907 9763 6330 2171 2064 412 1668
96 9102 1998 3985 7309 7758 8159 9427 4621 5724 425 9615
97 6213 1588 1787 9613 5130 5017 4124 2432 3979 3375 707 6613 979
98 4481 5162 8784 1457 410 1444 7796 9355 8313 4984 5201 2438 7770 7391 9535 1056 601 7929 921 5163 2240 3012 447
99 6512 343 3691 4977 2155 7457 9139 8342 5099 59 2186 8462 3573 9370 7852 9305 1083 8025 9896 1868 6550 2121 6613
100 2197 2066 2282 3649 3021 5750 5491 2334 7118 1779 1105 7153
101 374 9573 7285 6458 7012 8920 1607 1934 1246 2910 5698 6675 3276 9238 4418 3840 269 7856 3704 8990 3750 8270 648 5541 5785 8456 4238 8862 6978 804 5383 4824 9721 234 5502 7027 1299 5412
102 1879 8840 5370 6732 5461 1911 9066 2930 8219 5804 4099 7037 5898 1058
103 9421 6598 2801 4536 1407 3415 8237 4212 6934 6185 2412 2615
104 3376 7713 1289 6270 4765 6014 2630 7795 2583 5304 6028 9032 541 8445 6178 866 8008 7553 4907 5783 5504 5019 3241 5639 7929 8487 6292 8583 2465 3704 2546 3356 6385 9608 7829 7162 2342 9931 2692 9025 518 8361 3963 8939 4537 4627 7285 7365 7302 1651 311 3074
105 3702 9716 1933 3233 5803 2452 413 4100 7703 1303 4171 5889 7967 2939 7758 9414 476 420 979
106 1668 569 183 205 9669 3914 116 9230 574 6101 4060 9649 9848 7361 148 4034 1125 5661 7759 876 4967 6650 4501 1800 2412 8176 7948 842 4350 5630 828 3354 1580 8251 7481 7291 2537 1571 4520 358 2486 2010 6324 4705 583 3023 8049 9816 1195 9593 1566 7720 4698 3427 4071 3937 8686 8582 8183 3113
107 1774 1299 925 2175 6082 4170 9443 4660 2857 5783 3630 7486 3835 6652 730 755 7606 3597 4450 8145 2486 5981 5387 5253 8748 5288 9917 9655 4056 6149 174 5723 5993 3363 66 7151 5799 9302 1265 6024 5163 8671
108 7184 2746 3003 7102 2635 5241 7330 3296 510 4603 4107 8722
109 7807 7702 2565 452 9015 6180 7809 3848 9000 655 969 4842 3144 5715 935
110 1122 6702 7312 1423 536 7406 5157 6300 8921 2090 9807 640 3316 3836
111 259 7266 3427 7367 4760 3914 6028 7852 2074 5400 2979 2383 8982 2752 9623 8106 676 5088 8904 9580 6727 9065 5085 4350 1736 8881 9293 9073 6718 8097 1608 1219 5278 8040 7826 4213 9313 7751 1042
112 1311 5044 6923 7553 3766 7127 9357 8110 9637 9512 7882 2717 7435 7601 1964 2164 3982
113 935 7296 205 6020 3012 9008 2569 7992 8259 7254 2209 6492 7126 3316 9290 6731 3049 1227 2867 2784 2617 2465 6074 7163 8508 2407 7036 9071 239 390 5434 2263 8690 9780 6752 5065 3705 2382 7848 559 5748
114 64 6291 2764 8376 9200 3323 5333 9223 4143 618 3813 6276 7012 3006 2
115 5141 6810 8017 8049 1140 6671 1430 901 1292 3241 2739 6400 2342 1181 4670 8256 8342 2639 4626 9871 3425 9124 8687 4774 4025 7772 8478 1160 7896 8078 7405 3885 4909 4901 511 5307 1429 1668
116 96 4982 2372 1597 4693 9577 5650 5101 932 866 5895 9244
117 5049 8153 8321 3544 3550 2948 6585 6540 7665 1339
118 3688 5527 124 6383 198 182 7611 6233 542 3362 4399 7732
119 3916 6949 272 9398 4047 6326 2499 687 3219 2028 9745 9414 5126 34 7209 7173 1901 2589 9364 5647 9187 2160 7604 552
120 6684 7761 3574 6501 6908 4197 3743 4809 1273 8864 7367 8812 2643
121 3316 238 9197 6187 2662 9086 7949 7710 9032 625 2003 9991 8528 9712 5767 2707 912 374 1174 7610 4886 4995 7280 4378 4414 1860 9172 7151 643 3432 2871 5457 6153 8780 878 5802 30 3036 2017 1429 9957 3486 4117 4243 1934 8904 843 7751 2155
122 1344 7873 3738 922 2772 9078 3033 1199 3673 9129 2962 5412
123 7134 4629 2035 817 6316 8349 2640 2864 8875 4055 6447 2327 4199
124 9275 9440 2433 1169 165 5250 2353 341 9133 5951 7239 7537 5247 2186 7444 4343 9688 352
125 7699 9545 8431 9301 8212 4527 5386 1647 4526 3427 2349 4442 3700 7410 4971 5288 9260 8167 8831 367 6734 4232 7254 2633 4203 425 7151 5609 131 4783 7975 7868 3386 7780 6418 2737 8708 9982 9236 6377 716 8798 1523 4314 79
126 4820 284 9109 639 6166 6888 4242 2401 6809 5449 5973 1352 3422 5904 6262 3416 7087 8431 1238 4020 7949
127 8134 3111 7883 4170 2518 8848 5830 4091 8443 2192 3994 9050 4860 108 5194 1440 5006 4102 971 8670 8030 1 2468 1668
128 9315 8556 674 4393 3188 2713 7962 4220 9470 8402 553 7591 5208 9954 7615 3792
129 8487 4176 8183 4107 6029 5997 2146 3537 3316 8982 2409 6949 2292 8169 7369 1555 7392 7956 7607 9646 3837 6681 5933 1123 1790 441 7570 4497 6311 5661 2690 2318 1761 3670 8780 6627 3352 9256 1293 7737 9025 7243 2685 7240 2
130 6150 3336 2735 6103 7932 1444 7636 5979 8428 4978 718 6148 4974 2565 271 9637 4951 6073 5390 8467 6139 6616 9548 4901 2 2962
131 278 3947 3930 7455 1403 4713 5669 6683 755 1299 4020
132 5563 633 9135 9478 2167 3805 2369 4678 4472 8101 8375 6671 7762
133 2406 1431 3640 3412 2930 5420 6935 1893 7792 5339 3914 6537 2986
134 7190 6165 6318 7014 7585 5836 9525 172 620 5777 7771 76 8130 5880
135 4631 3760 8264 98 315 5733 3132 6306 7153
136 9755 8911 6331 2293 3168 9703 7952 3260 9428 7080 9529 4507 8131 655 2736 8713 6048 8832
137 6613 8293 8462 2685 1042 3395 4180 5072 7852 5341 4884 4760 663 246 8386 1248 3047 7899 2792 4539 1562 6437 7216 8807 6853 4739 9137 7068 676 5045 4342 5961 7477 1336 6048 5112 6301 2994 2058 6695 8403 1395 5630 3575 2322 6327
138 7240 3783 3753 5053 4855 3032 574 780 712 2136 4957 2927 7252 5548 8189 3186 8167 469 6817 3463 4056 5946 8858 1139 7439 930 1323 7998 84 1425 7319 5166 1280 1762 3135 1982 4924 8251 3950 4901 6044 5783 412 7153 7699
139 3960 3769 4663 3744 4472 1298 1689 1430 5848 7088 1121
140 854 9936 1014 5035 9678 3284 9305 5515 7041 2225 2922 7561 3432
141 2192 7513 4308 5401 9120 219 2496 5406 5523 5589 7542 6863 8371 4150 5593 5044 5321 5217 5109 8287 4054 3007 4697 9616 8700 5715 427 3012 7762 3261 3163 8193 3077 9007
142 7062 6468 1573 6641 3794 1609 2569 2272 332 5766 2875 828 7018 2577 3079 4045 183
143 8387 7709 2892 625 8406 3379 8043 9607 673 6895 4362 9659 7569 2404 2774 4886 6355 476 6615 8880 7304 4345 6817 9576 5247 3172 1800 5211 3683 3553 1613 4081 4299 1580 1452 3567 9583 7476 5871 7615 7509 9056 2179 7170 3584
144 254 9245 3016 4551 3178 7305 1060 6688 2191 2916 9868 9522 1619 1129 8134 9968
145 185 8228 1711 2779 7573 9027 9147 162 9637 5847 1050 208 8284 2666
146 1552 687 5566 5365 1273 9581 6305 7630 2449 5185 6523 9803 5702 4906 676 7692 271 7397 2358 5823 9380 7904 4310 2760 3012 8387 8134 412
147 3885 4531 5340 9990 3783 2643 9852 3830 6744 6216 5788 9205 3089 4843 6631 3379 5964 8418 7267 6460 3607 3630 6931 2569 5390 9692 9085 4106 3080 465 227 9755 7457 8989 4065 5693 9370 1264 3008 431 9807 6980 4664 6938
148 6166 6910 3268 2037 2684 9506 9689 1960 1049 247 1761 1085 8508 2677 540 5187 2577 6115 9013 183
149 1125 3830 5322 8269 3050 7280 1791 3172 7486 7684 6374 8900 468 9398 4822 1454 9083 3537 787 469 9085 8167 8022 8185 7126 6662 9604 9582 1396 9187 9607 7409 1142 6576 1306 8177 1848 783 8498 5340 6938
150 6429 9838 8015 3496 8056 2833 1834 8585 9312 2358 9832 1366 5370 5704 605 603 2797 9385 3343
151 5913 4744 837 2366 1116 7465 8411 1717 1696 150 9005 8111 713 6092 3050 9086 2437
152 9908 7786 1405 9025 1515 6324 6650 7820 670 3229 8634 2589 5117 1375 5609 6320 930 7952 4692 1665 3056 804 7085 5385 496 5230 4282 3807 774 9236 2879 2183 3926 7210 4755 6547 9075
153 8973 5875 3884 7761 7930 7836 1516 2690 6247 1958 3653 2196 3830 3885 3149 4901
154 3900 8093 65 3003 2043 5512 9464 8793 4860 8623 215 7504 7044 3781 5239 7864 7240
155 259 9139 6635 1117 7845 8043 9565 4442 9230 2518 4528 3061 3883 6390 4517 9114 3405 8195 5639 910 1495 8081 1535 4402 8855 8486 2403 3120 9563 1176 1330 7545 4730 5323 4324 3474 6729 8288 1937 8690 8907 7732 2962
156 2746 7369 5333 678 4077 272 790 8119 8780 1032 379 2401 4548 5838 8583 8403 8736 7670 4717 2712 7260 6354 200 8484 1534 8644 5507 3543 8994
157 8097 6213 8139 9295 5632 8518 1640 3286 4852 7552 3298 1317 1227 3728
158 3012 7759 6020 7992 9043 7669 3379 1375 3521 6772 477 813 2212 8150 8450 2774 3547 3380 5548 4494 687 1570 4056 7335 3303 9347 5477 8552 3707 695 3064 5917 7405 2994 4558 559 8668 9544 6875 7459 6186 9689 6914 3225 2001 6677 5304 5654
159 884 2246 6080 4821 8422 2985 4976 6175 6427 5468 6338 5211 4664 8994
160 2499 72 1441 3705 182 1377 8870 5335 1471 9332 218 6840 5180 3845 5690 5647 1034 3049 925 3163
161 5108 4192 5387 5117 6311 9315 8133 4505 1311 8077 8425 4575 9838 1445 2872 310 9953 9545 7699 2986 8062 4341 5788 3073 3513 5029 4985 7652 8406 6547 7153
162 6815 9171 1721 380 9289 170 4723 8914 3819 1856 8585 5879 8940 7179 8092 647 6538
163 8794 4660 2533 5193 4134 935 9107 7438 8248 7266 8830 5895 8069 2867 4801 6351 6369 7586 3363 9806 8495 1348 9836 9733 9219 3331 1950 3961 2951 6502 6650 4385 1555 8418 4692 1833 8881 2057 6762 917 8998 7379 1929 2404 5457 8142 7110 606 8593 1414 5095 2176 6869 8049 1641 3262 3700 139 925 4958 7153
164 6209 5128 5680 4551 5628 5893 5705 1038 2070 4834 9008 8498
165 9381 4019 6606 5693 9507 5157 3522 512 4149 9130 2376 1750 5029 9301 3032
166 8722 4129 4463 5359 5003 1137 5997 2870 4828 7162 4752 3958 9120 456 6853 2704 7138 6011 8169 2544 8220 6698 1841 7740 4342 3050 3880 9216 3814 6143 9969 896 1343 1380 3386 1932 5223 4626 7964 2489 3510 3981 4199
167 7237 2299 7875 359 9077 7194 8003 9896 8713 7993 2297 6105 9483 2340
168 5412 4199 447 2892 1091 3119 3251 2100 5090 4011 538 4027 4034 7087 7930 437 6883 405 6975 2603 6773 7210 8591 7026 4912 9254 1963 6623 4709 5541 1354 3164 3454 5383 9357 956 2951 5553 139 9990 3877
169 2643 9075 9129 6258 9224 6692 139 2773 3064 6920 5580 4784 6676 4377 2100 3104 755 5742 1916 232 6727 2662 6815 3541 8782 131 6416 6186 6354 1920 4636 8425 765 1113 9141 9829 4799 206 5005 1329 374
170 4835 4614 2476 5559 3696 1432 4117 1514 5101 480 111 969 2970 7001 9178 3543
171 1289 6196 1560 4362 9852 7790 7899 7413 8531 921 8307 8932 545 7285 7142 9311 2846 3505 4965 4546 2634 9741 9063 3036 5029 2652 8451 4102 9108 1323 6299 719 412
172 8810 9826 4211 861 2577 3684 3386 1411 2757 7362 2926 6859 1328 7090 3642 6711 9559 6519 8910 7762 321
173 4329 4555 277 415 1727 1575 6607 9313 79 2288 9270 9139 5677 7949 4314 4199
174 3270 8701 6077 8684 5169 3415 3633 7141 8285 9569 4149 5244 7429 3877
175 6839 8249 2524 5951 6427 2831 2661 5381 2033 123 5891 7944 7631 8293
176 3182 5850 974 1755 3485 4830 266 8754 8116 1956 321 3936 2288 2962
177 3012 8994 4958 6528 7519 9565 468 2513 6061 9354 4400 8174 4695 4843 5907 8145 2123 2161 7077 7864 1566 6699 6424 5565 252 7363 3165 1776 3429 6730 1067 9861 1848 540 7710 2986
178 2165 9295 6374 6924 9635 5632 7653 767 4396 1132 9190 5704 1012 4258 9502 7278 5501 3158 427 2
179 199 847 7206 1731 5097 7180 2346 2898 1542 1858 2867 7179 5946 955 4752 2652 6285 5636 828 7314 742 5910 4520 3553 4639 3950 5981 5838 5793 6669 5923 7893 2389 5676 3121 5857 1242 5269 7826 4797 6258 8507 1534 3111 3023 9545
180 8249 490 3273 3645 5814 3687 3317 3803 236 9621 6778 1496
181 4764 9597 3404 3313 685 7003 8608 7523 8809 3303 1668
182 3056 1263 2985 7415 1192 5233 8967 4242 3069 5050 140 5406 5456 2513 3842 412 3012 3936
183 5107 4532 348 9913 4933 504 1237 8230 5097 9699 5752 9138 6652 1149
184 716 3849 6576 55 3046 161 6309 4213 2845 9098 4385 1638 7949
185 3134 2421 3024 662 2206 8416 5336 4291 2478 548 1934 6101
186 9848 2327 3316 9834 3586 1149 6635 3073 5090 1083 5849 1542 5948 8661 9510 9184 4377 4155 2810 9893 3704 8444 6669 4557 6099 3245 3234 1332 1642 76 2898 3012 569 321
187 6271 1769 2105 2399 5074 5369 8144 3685 2984 5183 8632 6067 2643 2
188 1595 5845 2037 5265 1428 2908 4510 2840 8173 6406 4871 3721 4418 3144 5762 7949
189 7260 6083 7458 13 1613 6398 760 4913 9296 3465 4705 6730 9560 5629 1528 2326 3808 5391 4266 3507 476 5014
190 7463 3108 1523 4636 1405 3756 4520 6653 3 8936 5861 7092 8966 5390 1984 2299 9075 9096 3543 1707 9374 5105 412 9319 5677 8235 8462 951 9968
191 6503 9026 1705 5961 5295 3080 2060 9608 1181 2817 8708 1919 1619 8938 6555 1856 5438 7585 4497 5282 5293 7615 6608 3077
192 7012 5248 105 7874 8883 9990 7333 5810 5580 3823 1025 7399 9169 7024 5656 7715 5239 9164 993 9921 5702 1690 3053 1963 5849 7835 6336 3392 8512 6762 4343 8227 5003
193 6014 4647 8150 3207 9930 2074 3061 4886 5548 949 7426 4959 7519 2486 1066 1354 208 8986 1740 1721 4879 8752 5247 9712 8838 2147 4890 4888 9911 5216 2323 77 2206 4407 7142 4429 8918 6067 8005 935 321
194 5085 6937 8705 5467 7564 2683 7124 978 4221 2544 7890 2879 9758 4898 3074 7055
195 1424 4921 9097 8964 5875 695 7238 2927 2873 5062 6656 7127 8319 8290 6077 802 5040 4326 3567 1336 9903 1918 7321 1429 6404 3077 5322 2962
196 321 8711 2892 7575 8116 6550 6487 3537 1058 3665 3533 6014 7434 9205 250 5451 9580 8900 5359 8893 1429 4890 8986 5780 8887 7683 8392 2175 8858 1935 5810 6061 7570 3987 3553 9381 9764 1129 7833 5471 9523 5280 4216 6338 2390 8800 6465 8431
197 6160 699 3435 5272 6221 8463 8042 1652 6036 3656 5269 5193 7949
198 1646 4960 9786 6051 6438 5913 7548 1271 3297 4766 748 6461 2106 4086 4929 7593 9968 3982
199 8623 5152 4551 1608 9344 9918 6867 7627 8254 1272 7391 833 9068 8900 5921 1956 6613
200 79 7652 5862 1289 8498 3914 3240 7874 541 2699 1117 2491 7012 1942 6962 3241 7290 2554 8685 6415 5698 1306 7082 6551 5482 8014 1933 3005 5836 8959 9236 2555 5329 1105 5583 952 1408 7790 5696 5898 8803 5251 3371 7669 5662 719 935
201 4199 6101 4341 238 1934 5326 9933 5909 4861 8922 2517 5088 2951 7299 9004 8737 7162 2789 7474 2351 6842 4962 6986
202 8989 9583 2416 8743 5126 2842 7483 3101 5922 5164 928 5410 3515 1741 1040 6244 5488 9957 8794
203 7415 3729 9971 3108 2450 1697 928 1033 4993 7953 276 3981
204 8293 7088 9842 3395 2422 7 7266 200 1611 2064 2003 5457 90 9580 7771 7569 6298 9083 6451 7949 7318 3114 8325 9248 4823 8387 6412 1661 2014 365 3784 4455 1471 2591 5384 278 7753 4029 6119 7699
205 1018 2451 1522 6690 1138 4169 6774 1893 4865 1106 8282 9645 6258
206 4099 2676 4989 9867 9371 6917 6267 873 2872 9862 7892 7036 6716 3863 5777 6537 7699 6613
207 6423 7138 6734 2458 2842 2979 2736 8340 1562 5896 7425 2668 6875 989 7572 110 3715 8780 2294 3690 4481 8236 6808 8111 9586 8573 6230 2240
208 7250 7075 273 6257 5389 1506 6567 8060 2168 5980 6717 8054 9010 6113 5945 8631 796 4855
209 5445 9244 8105 5869 1145 1256 3146 7474 3106 1799 3243 5645 1904 8756 177 450 6611 9510 5112 8150 3432 6324 2095 4045 8189 6465 4591 1242 2407 9436 1962 9684 7092 9604 2171 8532 2604 3998 7960 4359 7321 3545 6351 9551 8928 7754 3044 4110 343 1705 6827
210 1523 872 3889 7740 6356 164 5433 3926 6512 2855 6295 2698 9807 5735 6954 5421 8234 7396 8967 4745 7289 8658 759 1142 102 7126 6020 3012 6101
211 4904 4094 5586 4441 3206 9281 8739 4375 6239 8514 8618 4107
212 4882 5007 5044 4434 4272 4733 8357 6135 8829 8655 9087 7063 8151 6739 6899 1391 9129 7762
213 6058 3342 7557 7994 2141 1172 534 9867 2467 9442 1531 714 1534
214 7088 6986 3842 8269 4317 469 3453 4354 1273 5407 8787 8363 1749 3679 8168 5674 991 8798 4531 6364 6225 8959 952 9821 2799 1471 3597 9511 9734 8251 2978
215 4301 9410 7847 3908 8597 2955 7578 2933 5356 7769 569 8387 7413
216 2613 9259 8566 7822 1677 4717 6313 6547 6099 9457 311 5270 4220 9195 8671 9666 6456 320 7055 6677 5862 9451 9404 3079 843 8167 4377
217 5008 6624 3257 36 2703 6110 9941 1153 79 5412
218 79 9007 8498 9014 176 5349 9436 4056 5710 863 9409 5797 560 3801 4913 5112 7425 1581 4070 4610 4602 9816 6421 4669 3538 7110 2349 7018 5082 5813 5430 3355 1352 2943 935
219 8113 7095 8700 299 4133 8428 232 3732 7075 4175 9946 5988 8996 7008 3924 7068 6980 3363
220 9628 9021 8098 3086 1059 2903 6587 5876 122 4256 1819 2376 30 4199 9533
221 9772 1759 2770 4936 5562 8902 4750 3991 874 5821
222 9492 7543 9888 1837 1092 3846 2501 3574 8860 2870 7949 9968
223 6316 429 5914 4570 7194 9102 1297 2231 3186 7053 427
224 8491 4985 3584 3023 4786 4107 1560 2175 4437 1728 955 2603 2274 9979 7049 2611 1963 7467 4974 7314 7602 3007 2147 7950 3403 1391 8581 2343 9181 7692 6070 2965 2900 1181 5690 6718 1295 2906 1556 7736 9453 8343 5386 4314 447 3602 79
225 3870 5286 1505 6226 2972 8146 1917 8193 1642 9323 2203 7178 7355 8912 7294 3757 8300 7912 8133 9540 843 4972 9858 815 524 9025 2113 5992 6421 3806 7807 989 2895 3144 7153
226 4582 7344 5683 9502 4118 1170 8272 1709 1081 4377 7438
227 1916 1037 7105 8682 527 4106 5442 3507 5910 1374 4925 4407 2322 1611 8748 3393 2192 6956 7267 5501 3434 2064 2127 8696 3509 6404 3877 2240 2555
228 6531 3397 3785 5094 1459 9283 2164 9507 3909 5870 2618 5275 8556 9483 3877
229 8066 8239 2211 8826 6479 7826 5182 1315 5931 7716 3928 2134 4884 6692 8134 1343 2013 4340 8994
230 7236 8026 6623 848 4657 6996 3425 6317 6257 5391 2791 3932 3521
231 6220 7636 3126 3007 4279 4626 194 9993 3529 5286 8915 8776 2986
232 352 9197 2643 2340 6101 7575 1934 8104 4234 9043 5869 7088 3320 523 9114 4214 3958 5772 2569 7553 5810 9836 1557 2607 8894 7771 5589 6001 6970 131 698 7314 439 7336 757 2910 6857 1859 6059 9878 7050 5572 8609 8022 6141
233 9830 919 5311 6748 4858 8809 4865 3519 2544 6865 1914 796 9691 7974 6534 9968 9842
234 7219 3521 7806 9008 8528 9219 8150 8423 8145 2902 2184 2875 4402 2595 9040 6949 1365 7434 8220 163 761 686 1741 1935 6254 7163 1705 6377 3880 7350 4939 6186 683 3154 9149 1330 3956 863 1205 1668 8092 5437 2630 9461 6635 935 5880 4199
235 4382 2389 5440 4206 840 8002 1813 2544 6879 2908 3871 4412 9842
236 3821 6627 3225 7500 6883 4693 9661 3263 6490 7132 1867 505 5565 6065 7161 1134 8491
237 5716 6651 6468 8728 8377 4799 613 8851 4414 6526 6494 25 5664 9757 9021 5007 2186 3982 3936
238 4750 5416 553 6113 1691 5335 9412 8177 517 5472 5260 8746 1501 6122 250 200 5437 7240
239 2385 8865 645 3120 8471 3378 9881 6885 8457 3354 5715 4035 6938
240 9056 2149 1375 3572 4400 6654 6790 8469 4134 6197 9014 1843 3641 6351 1037 5492 2281 3673 6030
241 2913 3565 1057 8458 9902 1193 2928 25 3969 1206 745
242 7645 833 8230 5945 7503 7351 9763 3280 3176 3404 8696 4400 8125
243 8173 5809 1855 366 514 1794 7196 5356 6120 235 7294 9007
244 1168 8742 9854 4566 2061 3896 2785 1587 7037 8702 2393 7202 8145 79
245 7563 5523 2716 9884 3624 9146 6564 9895 4403 1369 1120 6608
246 8382 7274 3224 4932 2154 4690 1925 4752 5743 6331 7933 1496 4901
247 8914 3037 4296 5271 7282 1330 8737 6743 3859 8124 6986 952 3032
248 5651 7483 758 3188 1016 6983 901 1798 6149 8840 9656 5374 3297 5907 6448 1605 4036 6588 8439 3012 9968
249 1225 6490 9459 1203 9253 154 3595 9563 7295 2856 3032
250 5687 4519 9766 6694 9161 9422 4038 4929 4063 477
251 5186 4112 9126 330 3017 9151 6622 2925 864 5009 7679 5373 8439 6020 9244 8994
252 5337 6994 5574 3038 915 5891 7086 5376 5168 9115 4531 3376 5917 2480 4234
253 5520 6891 8700 602 992 1939 3714 2169 7132 6916 1463 7043 4429 2955 9677 3753
254 3910 9351 5152 2594 3926 6736 1879 496 5370 466 452 3933 815 9496 647 7949
255 2886 5187 9961 7401 1342 9037 9170 2793 5818 6961 6482 3877
256 7857 8213 8133 4601 7455 2402 8421 7592 6851 1917 7902 2288
257 8746 9212 4875 6942 4726 6760 3929 1708 9102 8378 3894 3163 4985 7413 7864 2128 2155 5340
258 9528 6521 846 4731 2829 9872 1236 844 1754 9920 5740 4958 5451 9842
259 1396 634 5726 2923 8466 1800 83 3244 4475 9476 948 8106 7384 7095 8314 9247 4674 583 780 6778 3371 935
260 1720 5552 4803 3201 9960 6609 9793 9028 8276 5882 3229 3074 9244
261 7889 413 2871 6019 1368 3550 9323 6155 1317 5621 4858 9896 5390 585 2120 8234 2570 3560 7606 1784 3830 7296
262 8350 2804 567 3526 5578 8285 3009 4938 973 3322 8207 3025 9224 4377 1117 6170 420 7240
263 9393 4309 3150 7716 4000 8207 3569 2221 1374 3673 9244
264 3098 4632 919 4551 6348 5746 6129 4078 3945 8480 1251 3325 7434 450 8462 5962
265 9075 2643 3885 4539 5507 3757 5072 7133 2668 6737 7788 949 7434 7180 6810 991 1293 9807 2673 6269 6044 730 8029 4780 5182 5566 7079 6477 22 1757 5494 8042 8989 7696 6662 2868 5477 8134
266 4253 5642 9707 7215 4969 1530 4177 9150 3894 6942 2555 979 8812 7759 8068 4399 3377 6669 3158 3758
267 2240 2962 7153 8387 5507 3032 8832 9444 2407 2707 2537 2595 2735 6608 1083 4801 4526 6251 9480 5286 937 977 3043 5504 3229 9930 2608 4661 5211 5201 5150 6810 3790 9039 7678 1843 6248 4914 3110 4960 9098 1105 3982
268 6866 4900 9927 3674 1594 7628 9530 3805 6491 456 8345
269 7438 569 5848 1125 9374 1287 7806 9404 6470 6044 7474 4045 6922 5821 2339 279 1139 872 3319 6544 9935 2156 2720 1025 1164 8093 654 196 6320 4172 6765 4909
270 9239 3167 4106 7163 644 55 2539 355 2361 4798 4574 9750 3687 3550 7471 3493 933 5277 6141 979
271 758 210 5466 4572 5904 2185 5933 9073 7590 5402 4741 6993 1344 4266 6530 5639 6855 447
272 563 6564 4747 3887 5350 899 7378 2736 9555 8907 8711
273 3109 9088 2510 4474 3550 261 1850 10 4858 8361 7681 1803 1547
274 325 9917 1606 2760 6623 3157 1900 6238 1666 1050 4900 1644 676 9448 5384 7856 3155 6283 340 1193 8092 5572 949 200 7762
275 5418 6993 5955 8708 6493 9271 930 9557 9409 3547 6328 4309 8894 944 3376 6054
276 631 5986 1767 5418 6053 3191 318 6575 1817 3307 8587 9444 2790
277 203 3884 4723 4183 6405 1872 6227 4284 9226 6800 6600 3923 8994 9007
278 9355 4645 7770 548 701 5565 6175 9387 1327 4779 5244 8181 1506 2723 3981 3074
279 5226 4395 4675 6069 2573 1362 6209 9452 1348 6621 79
280 6780 577 9567 7821 115 5249 4813 386 7071 3809 7553
281 2555 8134 1121 5677 6470 9244 5251 7252 3509 7751 177 3961 5810 6922 9800 8414 5726 3409 5966 2651 9607 6115 1923 7742 9689 2837 6681 5704 4948 9654 3880 329 7634 1425 6869 2565 8708 7008 4299 9381 5155 9886 4258 3779 3982 5715
282 7948 3498 3064 9586 3241 7570 1852 5737 7023 5815 4081 4698 6464 2464 7790 6460 2343 5492 5885 494 7183 1319 739 6071 6595 3309 6364 225 340 1740 5898 7880
283 883 8793 2103 3562 9627 1961 8194 4859 5284 5838 1099 5790 2858 4035 8994 427
284 7650 3775 1817 2186 5908 3136 7754 5332 8705 4010 9581 8428 3491 8711
285 1113 4842 2462 9838 8287 342 5897 2004 1004 4807 4661 206 2186 1393 2106 435 1922 4423 7795 2121
286 1379 2576 6859 2168 8730 4566 4241 4819 2535 5093 357 3074
287 4334 588 8354 2908 9597 4756 6761 2457 8688
288 5225 7931 5159 5765 1115 5937 458 9669 541 8284 7240 4855 6938 2240
289 6733 6831 6715 3940 1112 4511 632 7769 2914 5937 8405 7629
290 4515 5641 4289 632 6125 378 6468 2702 4785 7193 7883
291 8125 3543 5848 7 6458 444 8599 6170 8210 850 863 3093 5316 5349 5547 7569 2856 2393 8507 1260 3158 3547 7895 8579 1157 6074 513 2982 6330 6071 802 6040 5052 7064 8908 606 3745 9528 5679 9387 1367 9347 3836 7762 2555 935
292 321 7517 8406 9160 6404 9930 1383 1524 5097 2058 8663 8841 6281 5964 6675 84 8600 5129 5547 3789 7811 1638 5604 9428 7895 2010 9476 946 1932 1101 8300 2578 355 843 2483 2263 5385 2661 2982 1917 5253 5418 5098 9253 7961 3100 8125
293 273 7970 8098 6456 9175 2657 2505 4763 4541 1722 5203 3832 7862 8498 3074 5715
294 1472 7276 683 7939 513 9612 6415 2476 1924 8490 431 3499 6103 2795 8170 8723 6067 3728
295 5724 956 7087 703 3231 174 8899 2696 474 722 7688 2505 8058 3356 3991 3409 5698 5271 1651 8488 3262 5901 6921 6547 9270 9299 9533 8134
296 9838 9953 9187 8319 7173 5629 3260 4857 4031 7971 4530 5790 5435 6530 9955
297 875 9173 8636 7885 3832 1271 5342 4056 3634 5258 731 5068 5596 3431 1930 8738 4574 1721 6547
298 9794 190 5269 8752 1212 1075 4389 4697 7127 8842 8110 7390 7993 8851 5302 4944 5553 2288 8722 7296 3032
299 5853 9776 9434 42 9860 4225 4729 8855 3883
300 4631 6207 6590 8635 9071 874 2815 4404 4467 3846 4561 4314 7153 9007
301 1178 4575 7435 3417 1182 3530 6174 1810 6831 8676 7993 3726 8789 123 4893 4985 7652
302 8722 9848 925 1335 6161 4767 9607 492 2630 1064 3240 3088 6465 3101 5097 114 405 4014 9834 3956 9191 8521 4660 745 8181 7630 3111 1534 8491 9533
303 8746 4409 7609 3487 8399 9052 8196 2474 9668 9360 2340 2666 7413 5643 8406 4314 2892 5340
304 2341 5576 8286 4671 5770 3145 870 1746 4173 6057 8118 8170 5798 3363 1375 8844 2943 7732 6613
305 9225 2770 51 4703 4349 7387 6541 3536 422 7968 2986
306 1049 2629 7508 8261 3768 7989 5938 5864 6923 9719
307 7762 6327 5445 2175 9199 7795 8069 1625 5494 7486 7673 2533 2458 9348 5069 5846 9026 336 8169 8800 6476 1791 1804 7435 9750 9988 382 4749 5670 1290 6549 6101 2986
308 8929 8890 9946 7799 2722 2105 9356 9849 5665 4771 2128 3103
309 7315 2973 3010 240 5440 3850 157 1796 8324 4005 1328 6134 4176
310 4141 6686 9276 8548 8357 9676 8520 3519 1344 3084 5421 494 5230 8716
311 3074 3111 1125 6029 3468 4108 2005 8883 4626 8055 5857 307 1948 6621 2189 7290 9669 971 4695 6863 9167 2676 9988 5189 2617 4884 1259 9431 6298 3726 3316 9260 4356 5471 3651 6528 5188 4106 3456 2071 3425 6115 2002 5248 2
312 6175 592 8965 362 1809 1422 2211 4420 6884 2315 2286 3696 2788 1623 8705 8700 3102 4619 5219 9244
313 5865 2516 4226 4310 6239 8360 8950 7257 1501 6766 9611 1698 2986 4340 9903
314 6795 9605 1306 2784 7399 7459 3863 1050 7099 5044 9460 689 455 5995 5827 2677 3669 8538 8698 5192 2029 1145 3877
315 6781 5444 8769 8526 6294 1782 4140 4654 9528 9200 9086 3894
316 1772 9816 2117 347 2624 4799 3290 7975 3408 9794 8837 4814 1499 7796 2305 7302 9367 7736 1984 9834 1299 2685 7429 1149 5412 6547
317 751 4253 5679 6958 3135 7870 3705 4114 1969 5977 2959 7038 7997 9968
318 1719 8579 9323 372 355 1131 5247 6657 7183 206 4643 6952 6334 6209 9063 3342 1831 1774
319 1162 3297 3319 6519 255 5661 5751 8587 8480 3263 5552 3966 7141 5528 6516 3877
320 1383 1871 8145 8920 6790 3958 4884 1164 6613 3380 952 7929 246 802 447 6945 697 7365 4501 1465 7087 6891 8486 1798 8176 9646 9878 1439 8706 3812 2190 2990 9649 3474 206 729 6075 3871 3657 2000 7919
321 4951 8306 1007 723 1271 6825 4047 2132 6876 6008 4305 2240 2288 3095 7652 6635 1557 8722 1145 1252 883 7438 6161 7575 7153
322 7550 6233 662 3956 2650 6849 8549 6964 1093 4938 1390 2503 1290
323 5431 3337 9282 4072 1746 3551 7940 7675 3955 3211 2013 3885 4728 5445 5064
324 9007 1105 7713 6458 1934 1774 2533 9347 5359 3537 6347 5288 8601 3567 4230 3073 3700 9555 4063 6261 2513 9404 802 8078 8414 8581 8060 1498 7049 6844 111 9594 1465 731 9435 4178 9789 4972 1051 2164 770 301 4104 1296 9480 9129
325 4546 2816 7893 9200 1859 86 4209 421 7192 7851 7186 2713 4035 4020 1979 2414 5862 2555
326 5591 2297 6900 7793 2988 1158 7955 7794 5370 7929 3936 2
327 7413 6534 9299 6054 5248 1557 7864 1601 443 4967 6492 9600 8848 8145 1156 5072 9137 6115 8518 6538 5161 1223 6260 1328 2445 7200 9400 7423 1481 6631 2142 6920 8197 7146 6104 3117 2799 8284 9842
328 1953 1142 5547 3956 4416 6186 3882 3135 501 3087 9241 9932 8526 5343 9336 9832 4589 4661 6387 2555
329 6878 4588 8521 6774 7487 661 3041 9945 5803 1401 2962
330 3053 1566 5978 3498 8793 7419 779 910 8157 8034 1796 2091 4238 6910 2107 7586 4151 9930 2790
331 4761 3620 6781 2445 2769 4625 9680 2218 7067 2340 7429 5445 9545
332 6708 9606 6079 2253 4902 9108 291 524 9404 3584 9990 4909 1383
333 4592 7836 7838 9277 7999 1484 9679 8159 2906 6547 183 3586 7864 9265 935 6938
334 6837 2766 7166 5317 7734 5012 2308 2599 781 557 7992 1668
335 2986 1979 6778 5099 3377 6030 6470 7759 1454 6067 1328 6360 6187 2662 4180 5997 1383 7688 6550 7606 475 2183 7347 3326 7410 3203 9192 8693 7351 6484 2574 5520 442 7526 9506 6871 6840 2741 1821 8816 6408 6021
336 2986 6054 3885 205 9139 7296 1710 3905 5787 9043 7148 221 2336 9510 6256 2929 7562 9955 262 7568 2989 7790 3493 4222 2198 5019
337 6962 8653 2433 6685 5321 7078 6205 1017 9289 6989 7548 5856 8715 3875 6786 2986
338 5821 6099 2662 3914 712 9496 6770 3675 1293 8081 5509 6361 8912 3846 190 3809 4709 2582 4093 5246 3982
339 2828 9845 1285 9266 1717 3094 5581 9401 2185 6381 5988 7434 2773 4958 3074
340 2340 4314 1134 4176 2288 7883 4341 1763 2904 6153 4170 8396 8841 552 6391 4269 4765 6986 2465 454 6829 3468 1869 670 246 1293 9713 9435 7622 3666 1737 731 5534 8405 1075 7447 1538 4731 4972 3498 4628 4493 6588 7333 78 654 3792 8193 7120
341 6766 5726 8118 7977 588 529 6516 823 8153 9850 7576 9984 6216
342 1039 3955 4513 2214 9415 1041 5854 8263 7911 7472 4377 5869 8491
343 3377 8711 116 4108 1546 3061 8062 683 8696 663 108 4222 1763 6509 5141 7163 7254 5756 3229 4063 8579 622 7525 5742 9089 6945 2485 8060 2189 3025 5661 6352 7541 5519 3835 6477 2604 574 2057 8862 2788 1623 3320 3032 3783
344 7149 785 6488 6367 2450 4804 8067 8977 9372 4039 6735 6175 4345 3103
345 1144 4860 5066 1193 9660 7241 3200 8115 6512 6082
346 1713 2532 8356 8936 6340 237 6834 2975 5325 5310 8307 5248
347 2155 7732 9545 3316 7285 8284 732 9453 2569 6281 3783 9991 1625 7013 133 2176 8386 3241 6499 2698 6469 6438 761 2917 7350 6731 3547 7165 9014 5477 7293 9931 4571 6696 3813 8455 1396 5525 5355 3661 4416 8894 5860
348 8803 6479 5408 4193 2648 8529 7725 5871 8465 5005 2529 4793 8907 1396 8800 3021 4530 2863 3710 126 1552
349 8370 1399 5250 6690 3888 3973 9131 5218 6139 4786 2630 4199
350 7382 2072 9616 6089 6109 5025 5727 8805 1122 5850 5710 6141
351 5245 2780 3332 9971 3135 4968 5183 3624 4195 3001 1429
352 3440 3460 2173 7248 2547 2672 1921 9292 690 5339 9533 8663 9224 2643 5715
353 6937 4327 1204 3485 9449 3880 1781 1661 1039 1932 1272 4707 5027 7391 9254 7626 8461 5894 6608 5326 7652 6613
354 9533 2555 7852 2790 3144 847 6276 6920 6273 569 2745 1348 5163 2624 2595 3611 2345 6845 6785 3439 3064 3410 3792 5386 1353 5715
355 1146 3829 5720 3844 905 5682 6516 9115 1219 8406
356 5280 980 6726 1952 3502 8921 7796 5949 5402 6583 1319 6075 6810 2643 6613
357 3766 9843 1434 4906 7310 2453 4226 6197 7737 6540 7435 2890 6213 1865 3259 5053 673 9461
358 7172 5440 5293 6518 3 3177 404 3983 7155 2795 3957 812 9404 3012
359 575 3165 3837 3657 7276 8762 8852 2299 8758 7498 1304 6684 3368 4988 719 2583
360 6639 2305 8236 6401 2116 5444 1044 2968 5564 9939 7970 6300 4746 1714 1685 7652 4728 4385 979
361 6655 7988 5265 5366 1048 8535 8772 4740 4009 5182 7577 5773 8450 1668 7120
362 1342 3949 1245 3416 8829 6291 8850 2342 433 6144 9466 7664 3575 6153 5122
363 5259 9538 1317 3946 7807 822 8390 3578 7202 7672 6648 9323 2545 9524 9798 944 1134 1668
364 7473 7585 3042 8738 1196 455 3170 3187 2115 5617 65 5762
365 427 9533 5340 4901 6021 4027 8140 761 3827 3781 1750 9947 7379 5662 2979 6053 246 5710 8687 6949 1515 9031 670 709 3049 8780 3380 9116 9904 4995 6295 2100 207 9637 3634 5668 7476 4349 4054 4677 8259 8716 5899 6938 321 9007
366 9075 3371 5451 8284 7474 3093 8445 454 2927 1601 6675 2304 9451 2764 9260 405 858 4286 3172 3706 4691 3159 1479 3745 5216 272 3240 4504 8667 7183 7220 7336 3215 4283 6044
367 1446 5086 4320 7563 4277 2647 6163 3110 2201 667 7004 5303 2553 1414 1615 6611 2209 8896 4004 6482
368 8943 7444 2683 7141 1003 5077 9144 9702 7255 3450 1966 7949
369 8955 3606 5238 5635 4914 5853 7482 7611 5233 9271 5458 8105 6101
370 7709 6082 7179 2773 2858 9659 4170 9299 2158 7756 4870 4988 8863 3752 5448 7333 730 1780 4971 4232 7598 2652 4433 8363 813 7233 5373 8681 1731 3456 3610 2184 3553 9377 8842 7807 4320 6716 9938 1220 8649 8495 9270 979 2904
371 8534 5558 7313 3021 1003 7792 9069 479 9090 5877 4585 7290 6073 3981
372 3471 7394 4648 4694 7010 4799 4753 9614 1868 6547 79 321
373 8125 4624 2666 2615 1710 1601 3050 1868 5251 5966 443 780 1552 7087 2699 8185 9733 9931 7210 9453 9970 9238 8081 9169 8167 3022 5295 3241 9751 6453 6786 372 9605 1389 5895 9904 6537 5373 8582 699 8124 7435 3901 1585 7974 1081 7219 2643
374 1717 2522 2387 6320 6154 3375 6058 5747 3777 6215 6662 6114 6440 5964
375 3002 2387 5031 9671 3342 4616 7095 6991 1695 5004 6514 932 2553 6311 6545 1299
376 5340 9197 9600 2264 4071 5902 4367 1752 4011 9518 4401 6014 7786 2155 4156 4965 5193 5054 6469 9659 9719 7039 2321 2818 4705 9871 9036 4636 232 4236 9216 2783 4811 4972 9703 8581 1572 5742 4574 6639 6747 4905 3104 8844 5038 6986 7709 3936 4855
377 6129 1652 81 4053 6762 6979 5548 1626 1623 5645 1345 8061 1277 3265 101 1282 4607 164 3261 5412 2240
378 9703 7834 6734 3362 2055 9957 4844 2544 1912 9504 8050 8532 8904 6469 9155 492 6042 9968 1668
379 4984 8354 1809 1748 3552 7793 4537 8735 5704 1818 6173 2423 427 3982
380 5391 1272 4580 4398 3690 7541 3479 6485 1944 5913 8177 9616 4178 512 6089 7702 5715 3758 2704 6889 1571 7883 9007
381 1213 2278 548 666 6617 9293 8805 5302 7065 3866 3718 2609 7697 6143 5548 3163 321
382 2832 4746 5538 8939 1803 9081 9738 611 4046 8947 979
383 7402 129 9140 9519 7585 3760 2267 5573 2050 6082 5064 5869 5748 7153
384 8037 8921 4026 4708 8379 6089 6449 4254 6773 2860 4272 5907 6692
385 5296 8341 9015 5300 5 609 4693 8720 8142 2453 1492 8670 2274 4730 8841 2962 4664 4855
386 1168 7715 9752 77 2281 492 3782 127 7699 7762 8387 6537 5437 8722 9043 9073 7105 8267 2182 1149 8431 935 5715
387 8977 3033 1385 2115 608 3897 3375 8230 5578 9289 3203 4537 2246 5161 6687 4035
388 6483 8123 7399 2620 8873 523 6142 2128 659 6161 5304 6671 7439 560 3905 583 2962 2240
389 5939 2844 1908 2621 1754 6579 4892 8143 3694 1306 776 8462
390 5332 6580 38 1598 6246 3042 4117 8741 6912 5588 712 84 8125 2 9842
391 1718 8411 2242 1459 9056 3774 2702 4490 1308 1961 1476 8293
392 5793 8167 8824 8805 519 3110 5622 5050 2370 771 3918 6715 9655 1402 467 2569 6082 9968
393 8973 521 8747 4277 4342 1345 5324 4148 5549 4649 1422 4032 786 4828 1984
394 3362 5192 6961 4431 6334 6531 2726 3965 2573 4560 3396 4285 3216 8733 5386
395 8738 9195 7233 3897 2038 9343 3066 8867 804 6643 6353 1866 734 6480 5821 8284 8387 321
396 569 7732 7806 1216 9023 7751 7474 951 6292 9822 476 6913 4517 3079 783 7101 6387 9758 108 3268 8601 4365 3343 732 3528 5054 933 5258 5387 930 2598 5607 4244 8532 206 7513 6302 6100 887 3755 4245 2652 6538
397 5526 8927 6201 1253 4788 8514 3967 368 8715 1080 4835 7409 4051 1020 6893 4266 5893 7997
398 8898 915 291 9961 6032 6667 1888 5381 6272 5815 7633 4307 227 8803 730 6538 7438
399 1818 3046 9773 3000 713 8504 804 2985 57 4526 3144 5340 3877 2555
400 3470 8312 3178 5863 2906 4511 3948 1177 9324 322 6800 8111 5207 5594 3675 3832 163 6281
401 6322 197 8184 3644 7543 3382 6958 4837 4628 3728 2555
402 2470 6037 9736 754 5785 5533 5562 7740 5109 5051 5122 6538 7413
403 6888 5374 2644 4966 4845 5533 9886 6724 4517 6932 3583 9710 6865 9558 5775 8130
404 4819 4121 8802 2815 4165 2494 2931 9314 1310 8848 6327 8994
405 6340 840 9986 9001 6688 2203 1455 499 6117 4202 3719 6669 2673 6327 6613 8994
406 7997 925 1238 2662 1134 5902 300 2155 8068 7105 7413 638 8375 4314 1739 3395 3950 7486 6465 6487 7896 3408 3077 738 1579 5038 9279 2095 2393 5477 8748 6201 1452 9185 5413 5609 3882 8111 3149 9094 9004 5323 9042 1040 4372 7369 3700 8134 6613
407 9956 2417 7490 8802 2713 2245 9981 1245 5855 2345 3758 8994 2288
408 7275 8523 3204 1832 4845 2738 6056 9928 7288 721 6564 7570 2121 5437 4176 7240 7413
409 2345 295 3380 246 7101 7896 6772 1798 6477 9167 8493 2938 7173 564 6757 8699 1464 3942 6353 2195 3268 8135 3290 6082 935
410 9429 1249 4444 171 2553 7505 4544 57 1897 7622 2404 8470 1668 5962 9007
411 3876 8356 8530 9541 5913 5600 890 1037 2959 4671 2972 9199 7652 2288
412 4766 7165 5356 7221 9751 8706 1615 9295 5232 7465 9440 297 9952 6346 2093 6768 7205 8814 8830 9139 79
413 321 8005 2904 1117 5783 7902 1083 7234 2595 9709 9777 952 250 9573 2600 2774 2902 2192 5245 813 3547 8651 8352 7221 2617 3675 2745 7163 3958 3989 8234 2403 1959 1628 463 5690 8089 4557 1696 7442 2302 5896 1287 9139 8293
414 4677 5416 7356 2190 3704 1893 3702 8098 2706 8620 7611 6939 9520 2875 6044 2 6613
415 6354 2014 2737 1204 4300 517 1932 2302 7672 257 8171 4123 6961 7904 1377 2844 6881 5172 1073 6326 412
416 5940 1690 9182 5620 3922 7867 8680 9558 5732 7305 5178 1675 5340
417 8823 1528 6870 8249 9985 6197 8142 2916 8380 888 8147 7669 1557 139 2240
418 9938 517 7789 1528 2047 8936 5744 5454 3036 252 8453 8231 4183 2404 2247 9887 1778 2263
419 5873 182 3970 9208 3278 4951 9330 9366 5271 7734 1351 2632 690 6990 3806 3393 8387 4985 1134 3830 5962 7153
420 6492 9036 4459 910 9207 5490 2538 2279 6699 4792 3364 3692 9185 2794 4680 5348 9565 3362 3675 8491
421 6019 5200 4908 7870 7816 9156 1253 4175 9316 8968 2055 1031 8062 5064
422 1179 4301 7650 3992 3409 4652 1361 8459 3796 6116 2413 75 8116 6613 5962
423 5265 936 2273 566 4160 9959 3884 8761 786 4296 5379 958 5869 5412
424 9576 9440 8582 7611 3160 4663 2946 3018 4625 1570 9584 2080 744 9031 5269 7082 9270 2240 935
425 1913 8877 5535 3895 1193 895 4993 6795 9030 1081 1488 8651 4728 6692
426 9075 8431 7713 6611 6014 4286 9444 7933 4367 267 1607 1981 4350 5553 8418 4784 5964 2792 3726 2554 8696 7213 1711 9871 3665 2900 5224 8989 8136 2690 7426 5520 6615 2466 4569 5362 8031 10 1380 8026 4302
427 7201 5000 6572 5267 779 1077 5587 8467 8747 5651 2555 7153
428 7294 7302 9398 3504 2750 8535 6484 2116 210 5808 4289 796 3705 7775 8702 5454 6248 3286 3309 2288
429 8296 6212 4762 815 7854 3033 7567 773 1808 2341 9284 8815 9197 5880
430 9597 8127 543 96 6441 6109 2289 7084 8105 5848
431 6756 1400 2275 490 7960 5269 8574 6260 474 602 8457 1127 1352 5594 8498
432 1063 1973 8336 6801 1313 5970 4033 4428 2305 1634 9940 5784
433 2962 3982 3885 238 9903 4855 9197 2773 374 1145 2533 4624 2475 6621 1123 8105 3870 5580 4282 2932 1512 2607 3241 272 4680 4733 7856 3326 9586 8133 1091 8331 2792 8005 5061 250 7852 598 9518 7759 8964 8891 9086 3810 332 847 3504 2589 8332 7486 872 4843 1299 7762
434 3608 8103 5577 846 171 9117 9450 4080 8068 3074
435 1276 2771 4240 4439 6543 3438 2868 9379 8701 3530 6348 1859 6491 1731 5103 3249 8830 3103 8125
436 273 2447 936 201 1181 9754 1724 1337 4648 7821 8610 6295 2817 6360 1774
437 9457 6452 1493 9781 7685 7817 4761 5668 9216 4624 6134 8193
438 4929 503 8805 1118 2323 6925 1124 851 7659 762 8379 3691 3729 4963 7632 2924 2739 8209 7517
439 9291 472 1837 809 7196 2451 7186 6649 450 6611 8125 6327 935
440 5481 6392 8267 9413 6743 7650 8389 4805 9038 5085 5258
441 5373 873 1941 8770 3278 4730 8592 5798 9710 5845 8114 140 9767 1878 5223 2244 3047 2240 2962
442 9369 1144 1880 168 9879 6722 895 9279 8932 3988 2141 2387 3068 132 8910 9615
443 8442 4834 7607 5141 9741 9026 1273 6662 2171 3651 4057 3255 757 485 1644 578 2545 149 8324 4354 2673 9533 321
444 447 4664 9573 9075 9669 5887 1871 4134 650 1139 4437 9050 8797 9114 8121 6675 7922 6549 7206 1562 9637 132 7740 4317 6198 6460 2867 4414 1784 675 6652 3926 3864 8782 8060 7123 8912 3963 6414 4497 564 9080 5132 793 4866 4633 6369 9244 979 7153
445 7321 2019 6838 7053 2411 8307 9031 2412 7582 8418 5964 8360 5925 1236 3411 7833 5895 9793 826 2444 2183 9116 2871 4011 188 3936
446 1366 9795 6616 5925 1562 4580 2029 2865 6860 3493 5294 7033 9755 9255 6137 8829 9094 3806 3364 3231 4537 871 9704 7513 5913 9826 5451 2790 5458 8134 9244
447 8052 7325 7291 7447 9135 591 6641 7435 8489 9276 4938 773 6418 4823 4689 9007
448 3788 3618 5041 3930 7225 5493 5046 4514 2192 925 3012
449 3456 8407 1602 7914 9304 6535 3223 2712 100 7633 8934 9075 5880
450 8929 492 693 8346 4851 8454 4706 2725 4723 5150 9330 1731 9129
451 7142 7169 8056 4832 3259 5659 4125 8905 8596 8967 6531 3098 4654 3999 1079 3758
452 304 8494 4239 3525 5211 2115 4942 1952 6471 9246 4349 6230 7762
453 6067 2413 5656 457 6029 3079 7771 1289 6785 2979 9010 1164 1831 5349 3089 6770 5740 8883 9640 5399 3007 7113 9436 9504 2692 9954 1860 2615 870 9132 447 6938
454 969 9721 3024 7354 1421 3580 2368 434 8287 5825 1666 1446 5842 6130 3004 5219
455 6132 8903 3621 9616 5559 4627 5394 2740 1474 8040 358 5604 6327
456 691 8136 5716 5636 4537 862 2137 6409 8659 4292 9907 218 4193 5863 6829 2252 3551 3612 2771 5880 2962
457 4708 9297 1849 8854 9553 3550 4044 6165 4566 8464 6049 7219
458 5554 1186 2590 3413 9495 2050 3403 621 6633 4951 4571 8442 6871 2392 1956 8671 9848
459 2311 1312 1881 4533 8625 5299 4946 5526 8343
460 79 7883 4340 5445 3106 6470 8307 8728 4437 4639 2752 7216 2842 8142 4004 7756 1779 1227 9789 3672 3839 1916 6163 2650 9313 4537 1290 5383 7775 1601 4766 7361 3657 3022 6730 5658 6321 7845 7438
461 1405 4077 9624 9261 6918 3775 7431 7136 5475 3069 4906 1263 3657 6624 3909 6014 7413
462 6575 7242 1034 5600 7773 6907 8500 9057 7137 2695 5520 3827
463 3982 5445 5156 6967 2114 7367 5194 250 5386 3102 6250 2577 7960 4091 1345 9655 7787 6175 8499 1554 6767 3823 4285 6978 1855 871 7459 3897 253 5067 2539 7009 7752 6966 130
464 584 3997 2822 4863 7809 6784 3091 5813 8159 5625 2096 842 3543
465 1495 255 6825 9467 3699 3307 3762 9668 8336 7452 6859 6393 2008 9984 2133 5278 7955 5082 5185 1670 7438 6938
466 7593 1255 7489 7224 5512 1019 7843 2646 1205 1889 2579 590 2010 6537 3894
467 5399 7043 3396 7728 9928 8705 3451 3075 2973 9689 8680 2190 4326
468 708 3153 4745 5491 5734 9564 3340 5132 5556 6805 1156 822 9876 9354 9301 9545
469 8852 4228 5432 6522 8773 6792 2710 4929 7819 5179 8314 6262 5006 2114 3371
470 7000 8744 6425 7097 8298 3086 2669 7003 2891 3384 8980 2847 7153 5156 3012 7762
471 7732 9160 3077 4967 7355 326 4801 8645 2673 2749 8908 2365 712 4409 6001 6150 176 2166 9470 6659 9476 9795 4893 9742 9551 1134 4340 9848
472 7409 6860 6507 1273 5443 3044 4785 8480 1939 5534 2712 6126 7904 7747 7671 5839 9337 7151 3105 7972 2486 3079 7762
473 3830 3543 4765 3792 4728 3905 1117 8227 8386 3795 2171 8756 1611 3700 2480 3537 8268 709 1150 4878 4249 5713 1079 7085 7733 1297 9608 9795 5295 4299 7632 3122 4238 2939 2907 4095 5040 2125 4346 6134 7699
474 7886 861 7073 7231 3313 268 2787 3211 115 1539 9832 4845 7710 3106 3584
475 4588 612 6831 5867 256 1486 4141 565 1408 3324 1678 321 7732 9615 3936 9545 1984
476 2955 8035 5148 4383 4519 7570 3611 891 1524
477 6884 8319 655 7819 7472 3255 6168 2468 415 2313 1035 8033 3948 9903 8495 7120
478 5962 3521 7713 9301 2615 6534 5063 7285 4501 4385 4442 6376 7320 7795 2979 5501 4561 937 9688 1464 7183 9073 2401 6526 2404 5992 1569 945 6701 7293 7874 2416 5280 7769 9991 455 1315 6914 9789 5679 930 300 4180 1534
479 8185 7961 613 6123 2234 463 3795 8429 969 6532 1284 9002 8440 7776 4528 7426 8293 5762
480 3012 8005 4314 2892 5446 8105 369 6611 4531 921 5504 3958 4507 1542 8259 5433 6748 2028 4308 374 752 1157 675 3675 5605 1686 1552 9521 133 3164 7077 4249 3932 6198 6486 8710 883 9593 880 7541 9997 3157 7082 6978 813 7698 4326
481 9047 2941 7154 5455 8211 8674 3183 9884 2638 990 6398 3395 7713
482 7175 4545 4095 8928 8317 1894 4486 9302 8998 6105 1697 2580 937
483 1453 6181 2503 2839 9331 4076 1388 3265 5902 3521
484 5947 2975 8459 6068 9507 8630 8647 501 502 7061 9746 4569 9265
485 1952 9000 5169 3394 1112 2925 4192 4887 4240 6445 4099 4214 25 6283 5849 5962
486 3 8077 5658 5306 3486 8652 9986 9683 9581 6996 9096 895 5162 6311 5689 9374 6584
487 9842 3521 8406 352 4909 8663 3377 732 7806 1557 6020 9129 8209 5097 4679 8183 5783 4752 6630 4071 912 3835 3146 583 7932 9496 1833 8218 8912 6770 5656 7336 8863 8702 9903 4414 1510 4705 3393 5492 1710 9160 989 752 7183 6408 3243 6812 9722 3553 8885 2750 7205 8539 7438
488 4199 5880 9453 7240 7012 7845 9852 650 2175 3541 5997 952 867 7361 5801 545 8140 1642 8352 3453 901 8986 2764 3102 3853 6144 329 394 3806 6651 6747 8692 8456 6292 4755 2247 5502 6960 4211 4727 2307 6666 7191 3936 3144 1668
489 417 9687 6954 3046 1085 9636 4714 5121 3670 6964 4462 1084 7143 7630 6584 1979
490 8211 4349 3680 2640 1065 7156 1397 9928 2196 916 3925 6639 3554 4212 5572 574 9007
491 2936 2763 4094 2621 6275 5972 3729 4031 1001 9802 652 148 9968
492 1429 4696 4531 522 8794 7326 8343 2543 4341 1189 5178 7193 6389 2730 2892 7028 102 1079 4983 5677 8345
493 2419 5566 2956 2341 773 117 4571 682 6231 7980 978 4361 7820 9842 3012
494 9183 5168 4033 3922 3920 4517 5408 9408 2450 9066 3352 3601 3914 7652
495 6216 7105 831 2263 7894 9955 4271 8641 1906 7625 8419 867 9203 5783 3077 3982 7153
496 8629 8409 984 2936 6862 4144 3682 2854 1073 7481 7883 9244
497 3351 91 9783 6017 4757 6543 5960 8295 855 6296 2986
498 9164 2255 2936 2331 2935 2967 3015 8353 1606 9560 6778
499 935 8431 8495 2533 2685 3981 6980 8183 5885 3073 8068 6280 5090 1852 6772 1916 9775 9988 1465 7856 2125 9742 7425 3916 1686 7116 7975 5772 2278 4755 3804 4347 1133 6073 6653 7998 7399 1898 2867 1731 6054
