100
0 18 5905 140 459 32 449 1447 238 47 250 1242 48 2977 92 7245 288 281 201 717 88 882 79 442 9299 56 552 2074 1847 2207 2288 1068 34 2736 55 42 632 1260 299 2919 615 196 3069 7671 180 2552 3203
1 0 3198 1572 7 8 9 2 1 126 485 1089 404 5 869 5367 65 14 6 19 199 27 8734 4 37 15 3 549 484 1388 2572 1597 1679 253 22 120 28 252 940 158 74 1440 88 2902 684 596 1468 1632 7292 11 41 280 21 26 17 13 63 9030 72 12 30 5515 815 5247 4703 58 164 121 290 38 2140 4864 2158 56 1290 10 135 54 7269 3747 436 4525 62
2 1495 3244 8 0 3774 155 9 69 867 2 27 7 252 5 1 6 1604 2700 11 3 8734 356 485 23 28 102 1434 65 14 4 63 13 15 1756 355 17 21 120 37 751 9301 3706 2707 126 131 6668 637 10 332 8528 8761 303 1506 2244 16 12 243 139 4820 103 4848 2741 632 107 927 2857 54 268 97 5659 8374 3818 57 36 45 19 6515 24 20 342 72 198 38 961 1122
3 501 2533 720 44 161 776 3493 31 103 24 1549 8733 35 33 5472 2378 273 4018 112 496 90 1862 604 36 23 76 40 346 97 42 7977 144 110 715 5872 78 8948 815 647 45 2385 123 25 50 83 231 98 447 2371
4 10 62 147 36 7687 637 24 224 375 144 432 45 102 129 890 22 3420 511 257 335 2132 6147 54 1521 50 31 2052 2348 3293 158 84 7275 2791 392 2431 106 3033 3769 519 114 212 103 3348 742 503 2654 3692 119 1628 9017 1950
5 0 1958 8 9 2 3849 155 7 1 6698 28 797 869 5 859 1184 15 3 1263 27 4 482 621 37 329 120 6 14 107 11 977 23 30 566 184 16 97 538 253 915 20 439 681 972 12 907 1332 18 204 8270 4807 1541 4314 145 1697 9447 25 599 501 880 178 342 61 54 57 44 158 88 35 609 55 29 524 611 1365
6 56 280 135 249 6373 1826 935 72 650 632 6668 24 6539 1413 139 243 6362 1183 4172 97 78 3053 2047 5295 2196 3639 1522 158 3142 561 22 659 123 1106 1070 36 38 389 7437 4408 5514 625 3286 55 40 2849 1401 1783 4982 348 107 1768 880 140 73 1881 8834 26 2106 131 843 1284 663 301 2521 119 992 332 1472 29 429 3533 2785 342 421 4040 299 6188 70 188 1789 5472 4089 2824 3870
7 8 0 1315 176 2 9 485 7 303 4371 948 355 1 5429 62 3 97 14 843 19 7508 63 229 6 74 4023 277 4 9425 15 10 27 299 11 1770 21 58 5 301 28 280 725 46 184 198 1423 102 8226 4848 805 2744 40 331 8677 290 26 476 681 480 30 513 121 45 20 2768 524 24 17 285 38 1452
8 110 35 735 57 123 178 1189 52 5011 157 187 487 23 268 9356 1506 1581 42 4589 8215 24 85 249 1134 574 240 500 18 102 1287 3961 7915 5311 87 40 4554 1292 139 301 4885 309 5751 50 3543 147 631 6628 1327 16 3996 7033 75 513 25 2608 398 3517 45 2627 408
9 0 8 554 155 2 1 7 9 28 27 6 69 5200 5 120 1881 6729 121 15 176 126 873 138 11 3 4 899 290 19 1122 14 37 197 20 199 355 1510 252 468 158 4390 72 665 442 309 58 2735 65 21 23 17 410 650 725 2170 1756 184 16 1790 145 253 35 382 1554 268 2120 114 389 2955 193 135 139 10 30 7147 2616 948 2820 2973 2140 123 229 56 204 316 6718 82 148 1312 164 2700 13 7878 404 166 26 8034 52 4308 236
10 5926 1737 8 0 859 3477 2 126 7 27 9 468 1 15 303 14 5 11 28 4 6 3 356 37 4978 17 624 72 253 243 6379 62 63 131 290 1524 148 236 19 23 2848 61 120 1132 138 22 309 2872 139 849 9053 4430 69 679 30 355 4317 371 197 957 13 65 482 114 4090 12 152 18 909 268 3071 299 346 224 3635 32 9086 123 1369 681 211 2169 850 638 1771 4226 125 372 20 1725 332 38 1483 187 199 1667 708 583
11 8 0 236 7 9 1 2 5 69 120 303 3457 1122 6656 4 653 2003 737 404 14 121 290 139 199 356 442 229 28 316 65 6 37 671 72 252 42 15 371 3 13 125 482 2187 131 123 19 114 11 243 224 55 650 63 2614 38 3591 22 17 6335 184 8138 21 542 432 1134 249 80 20 1119 45 1385 112 58 148 52 3239 26 3182 1972 2261 253 1558 2692 2521
12 1502 554 1310 138 0 1077 8 9 2 155 121 7 1 2371 5 28 19 3483 7929 1263 69 120 2757 14 126 3 252 4 1591 27 6 176 20 2148 2153 290 62 253 1850 316 63 2116 11 166 8707 4500 23 72 4977 16 782 2177 88 224 300 2159 184 3379 3818 303 624 61 17 78 10 35 1476 12 5313 58 57 3295 82 15 13 22 2612 131 2902 54 867 21 2291 45 65 737 637 139 3517 2138 18 747 869 482
13 157 469 9205 2191 1126 73 8116 32 101 53 849 4350 577 62 56 400 375 567 301 3284 2790 2169 2794 49 41 2142 1442 110 769 158 8802 29 1959 731 1967 147 909 4094 197 1869 218 757 25 127 6644 86 915 733 3706
14 0 8 7 708 9559 1384 1 2 4 27 121 355 404 9 5 253 3 28 65 69 4594 138 11 6979 948 14 3398 148 15 5721 19 1131 17 72 2433 410 21 6 102 1324 10 114 107 749 3046 35 3759 1524 22 1799 4188 166 34 6087 12 243 90 3410 30 8965 4104 37 6082 3839 301 495 146 2604 5850 709 38 665 84 1095 63 74 3768 78 764 325 2205 224
15 138 8 0 968 9 7 3774 1 2 9365 126 4 2818 14 5482 686 193 11 5 468 107 69 3 6 3198 1597 28 1766 15 19 63 5101 280 2521 199 27 6086 389 13 120 356 2003 20 4288 84 6459 915 4148 4810 7585 329 6222 18 12 21 145 58 7151 2858 7832 131 224 1679 45 166 243 5429 164 9572 316 17 102 62 8156 88 1734 979 65 41 1270 22 3378 16 38 1114 57 2444 1756 1312 10 178 301 5313
16 1959 1027 195 231 1985 156 151 393 933 98 398 7791 25 1207 51 1590 196 48 275 1979 3500 2205 4429 50 825 130 8241 238 256 1754 288 115 1210 73 8875 112 2427 611 9360 9246 249 2268 377 6031 496 3698
17 8 0 6049 9 7 2 252 1 797 14 28 3923 138 5 4 968 6 2614 3 4607 199 731 62 11 15 940 17 184 69 19 329 1524 751 1352 665 21 285 74 1554 20 65 6378 61 879 4343 16 176 78 10 18 36 12 2296 102 22 84 346 60 637 549 13 41 119 8015 510 5404 44 35 3977 63 1270 4063 1591 356
18 0 9 8 138 7 2 1 4102 5 19 1604 121 120 3 356 15 14 7984 4 6 28 27 184 17 8703 1222 1052 3410 3158 114 609 253 1756 6787 252 229 11 21 355 1256 7557 4302 720 152 56 176 10 35 2688 879 193 32 37 1369 211 135 148 585 2523 18 30 55 2651 42 20 161 8360 33 330 8334 587 1799 118 157 5751
19 2214 82 6543 22 1601 38 615 175 2453 78 501 8488 41 7387 6539 5395 476 92 1799 135 231 86 73 203 1376 271 9335 2374 707 769 3142 829 598 114 161 599 224 80 612 2348 3621 35 84 44 3448 10 91 5910 34 3119 229 168 110 764 484 1275 32 390 1900 517 198 1548 1437
20 1290 5526 8 0 2591 7 27 120 2 2153 9 1 176 5 252 709 3198 3497 126 4171 14 19 4 148 6 1052 1184 11 62 1638 3172 3 797 7347 8454 37 15 549 331 107 3483 686 410 442 2659 184 2930 7048 655 28 17 30 20 102 121 624 3441 4688 69 751 23 61 1005 1476 16 63 859 9519 7081 44 158 35 193 22 5973 31 12 155 1187 1168 33 4067 4225 849 1412 21 87 907 595 587 152 329 9634 2359
21 2264 1482 8 0 7242 2 176 9 1 69 5482 7 27 5 14 6 4 3 252 19 15 120 1610 236 6115 494 20 3880 21 82 850 1554 37 17 1667 72 199 22 3398 3262 44 12 107 342 7382 1888 18 63 2848 161 249 164 8243 28 74 10 16 5554 2106 5985 4397 11 1524 13 1089 797 595 3196 35 38 126 1350 65 1222 57 121 131 1174 6379 166 3199 34 1756 389 737
22 138 8 2818 859 0 9 7 2 69 1310 1 1290 5 9517 63 7624 468 4 583 6 27 14 28 155 1173 15 236 6035 977 1930 3 2402 404 107 184 442 355 2045 193 253 6404 148 21 11 117 224 303 3211 57 2503 5110 197 19 3379 126 389 16 7293 356 23 166 3543 316 72 2198 38 650 751 17 12 4510 13 61 102 114 3424 684 37 157 29 145 6288 20 8955 782 18 267 731 55 70 2304 73 121 342 164 459 176
23 138 8 0 7 2 9 1 5 126 1951 3 252 3700 19 139 37 1452 11 27 6 107 15 14 4 184 65 63 355 17 549 58 2198 482 28 21 57 7658 1597 4994 20 2579 1413 152 1506 18 3600 158 135 35 12 611 4336 145 1152 572 55 2282 7918 103 7325 23 70 44 2956 524 769 316 83 1981 881 3839 118 131 646 429 4864 914 4167 545 5336
24 0 8 9 708 7 28 138 6698 900 1 5 2 19 1173 3 126 1572 14 120 2060 3483 252 404 725 27 3046 977 940 4 1930 236 2614 482 82 6 69 184 2444 8450 3706 679 6347 74 23 21 655 30 37 961 554 12 139 11 20 621 426 193 65 15 1334 290 303 6138 1412 102 285 6238 1793 5333 62 494 16 3563 13 72 148 7086 10 2136 1114 2168 17 8139 145 1284 9335 18 5350 229 3455 35 316 3447 585 1195 1184 131 121 31 671 330 1429 1321 873
25 26 140 9677 103 23 3747 3251 542 4724 33 64 8360 3964 425 602 40 4100 50 83 45 36 393 54 1478 390 47 594 409 55 240 1307 2709 6534 70 952 31 267 4429 2175 178 1112 538 85 2582 3319 2420
26 554 138 0 3110 8 2 7 1077 1 9 1951 485 27 948 797 5959 2889 5 28 63 15 19 1656 5381 199 3 21 4 6577 69 11 4090 126 1388 17 65 6 9927 139 84 120 4807 907 2158 131 1584 3158 1745 62 2683 249 303 23 253 197 2849 13 1850 1667 4497 14 487 161 638 16 309 6369 371 1395 107 20 12 3642 4813 280 4335 6481 299 9542 1303 37 979 513 2905 72 145 166 206 585 1152 395 38 3194 1223 342 501 1236 915 30 74 8152 725
27 8 0 1954 2780 2 9 176 1 27 7 2889 69 6 3 5 138 482 8761 4 164 121 107 14 15 11 28 1395 19 299 21 679 849 166 37 1412 17 84 7753 23 16 65 20 1385 410 4962 18 815 1117 2296 72 4403 4978 10 184 24 78 63 117 22 552 329 604 909 395 841 389 82 3582 34 12 1476 646 300 135 2976 709
28 309 135 4281 1643 5091 653 44 815 1506 161 268 253 83 57 193 6092 1387 2819 301 38 552 1132 114 2385 1106 484 30 285 4157 355 2659 1151 2976 102 1369 1412 727 7408 332 8993 612 1783 10 632 782 55 1324 12 96 7672 7708 148 3458 164 1031 720 1627 444 31 4568 1137 824 1352 2185 1771 60 935 29 329 764 408 32 928 45 198 1750 1491 117 1000 857 884 8492 5483 56 681 625 103 4133 7918
29 1429 1506 487 56 424 517 2169 604 74 204 545 2298 61 2973 561 206 880 881 1673 4044 152 990 1401 1612 5195 10 2593 439 1078 35 42 196 887 429 715 112 4417 4632 1000 8355 3082 332 175 231 1351 1521 523 1113 5447 1669 370 12 44 171 2000 8911 666 331 24 1568 106 6756
30 11 1332 252 13 61 37 659 3759 10 3502 107 35 78 44 82 65 58 1447 170 29 3363 4597 841 5626 224 5634 1401 2292 517 300 2048 110 513 187 131 316 146 2967 1283 157 20 1132 823 1428 255 117 53 5395 429 2735 598 36 2698 1041 7774 70 707 1110 1221 2922 478 8365 594 2116 983 74 715 800 4801 2816 8654
31 138 8 0 2 7 9 5 69 27 482 621 126 583 1 14 468 3 19 15 199 193 4 797 252 28 2504 37 6 63 6572 549 11 356 61 8219 4397 120 1734 624 166 58 72 253 1171 1052 985 7454 18 3008 1065 1506 6141 13 17 280 158 4487 451 16 4787 84 114 20 957 12 74 176 21 6385 8707 915 184 1320 2383 609 10 96 9146 1093 102 131 4818 443 1793 2196 7218 55 1989 62 211 3676 1911 1151 867
32 3849 0 155 3992 8 968 9 7 2 1 176 1315 126 404 5 900 6 14 197 28 27 19 120 728 138 3398 4 2700 1780 3470 3 148 709 199 1604 999 13 65 2841 20 549 69 797 131 184 5921 11 957 554 15 74 23 12 152 1771 1583 139 166 24 5448 35 121 3160 37 16 253 2076 21 869 2614 316 5615 236 371 17 2717 2486 22 204 4364 909 2402 3053 62 2825 1799 1917 426 18 5051 10 624 4741 78 61 3110 107 157 859 2526 8988 6174 655 1334 3489 1200 63 468 1597
33 2848 3097 8 0 1954 708 9 14 1917 2 1 7 5150 3 5 1384 3600 138 19 28 57 4 1365 6 5860 11 9896 3514 176 2291 554 4820 6656 9572 63 69 4510 126 27 995 609 482 21 243 9933 299 3248 1387 665 65 15 199 62 8751 13 17 16 2717 10 720 2116 3543 74 476 2274 5011 70 751 82 34 12 55 1468 356 145 7461 7373 120 102 87 4881 158 681 20 18 54 382 4953 1667
34 138 6604 8 0 2153 2 1 9 2955 1077 5 9894 7 120 3 19 909 621 148 252 6 38 482 21 121 24 442 22 126 145 329 2270 1583 62 1283 23 14 751 78 15 1809 3591 58 123 224 7594 495 17 2823 1324 2292 74 372 300 139 1751 25 164 168 44 3441 1204 40 6523 30 2196 8267 82 4895 9346 4 102 45 20 812 32 1446 899 3514
35 7718 35 638 158 44 1959 70 907 132 5221 25 836 301 300 60 6059 331 7970 763 140 88 96 3190 45 42 3839 6644 7537 38 3332 5158 310 2148 969 235 519 6137 118 24 8315 829 454 122 3126 80 3977 53 212 1186 82 8030 87 26 1506 157
36 187 13 26 10 131 1783 1771 301 332 80 114 7069 542 206 166 41 784 57 4662 5329 805 199 36 45 647 146 125 2298 18 24 6767 3718 56 149 778 1702 84 119 395 198 118 712 49 585 574 9521 455 25 31 967 60 634 161 4919 962 681
37 1737 3097 155 0 8 968 1482 176 69 2 1 19 27 1089 4347 7 5 2513 126 5862 28 3 121 14 4 6 919 2713 356 166 9 16 371 410 2073 15 2612 303 62 24 21 10 30 3222 2444 57 54 58 6577 236 65 18 11 268 4864 41 776 395 74 2430 114 12 1256 8702 1343 1575 487 3412 17 2126 31 594 5084 23 198 13 1350 2248
38 8342 3631 125 3205 971 147 1325 54 1628 146 5329 4221 1530 172 49 316 524 304 271 1135 170 159 101 2593 2360 212 122 3323 903 106 641 735 1303 1124 408 949 80 206 46 9906 92 255 1665 1456 6037 235 332
39 1671 0 8 138 968 9 4768 2 5921 1 797 27 5381 5 554 468 7 2383 184 7104 4 14 176 6 3 355 977 728 2889 120 3389 74 731 879 69 686 166 62 3182 148 1171 37 19 107 152 1930 17 16 1395 28 26 5895 979 2503 13 5546 439 896 21 7048 878 22 139 18 632 10 23 15 9611 356 389 11 1667 595 38 65 267 1520 102 5480 35 193 301 88 280 20 1251 30 566 583 5634 204
40 86 34 73 13 38 22 784 17 78 325 1031 432 513 32 1222 82 24 10 210 612 4849 1095 749 19 231 4805 8733 47 3315 65 1772 8332 9786 42 1300 3016 121 51 95 267 1395 1556 26 157 1853 511 3879 1884 829 1027 90 850
41 554 8 0 9 900 7 1173 2076 2 14 1679 4142 1 27 63 4 5 6 28 3 121 4364 37 549 19 11 224 1408 1809 164 15 9039 371 197 16 4728 665 166 120 625 442 12 17 611 253 20 35 2504 329 1287 1756 10 2214 52 1575 2492 4525 268 13 6265 476 152 979 18 638 5277 96 1174 7013 57 73 207 44 117 5038 737 2533 2136 382 5862 3248 199
42 8 138 0 27 126 2 1495 5 7 1 9 6 482 252 1184 7360 37 11 3 121 4288 356 4 1387 28 15 62 65 19 4537 3585 166 914 131 14 800 69 164 58 30 13 224 20 332 63 18 35 3270 432 2504 1287 6718 650 1194 17 26 118 348 29 4736 61 480 2168 21 1263 23 708 82 9517 16 968 176 145 331 4277 5772 41 161 155 88 2076 78 72 197 236 1656
43 496 2869 9794 25 443 2171 1277 4923 325 6045 3395 2480 1704 228 3038 39 171 81 180 7986 5269 48 156 545 1967 390 115 1988 1055 3032 52 2859 198 6352 206 122 2025 523 6655 50 2201 5205 111 1912 6410 73
44 1070 5851 485 355 4869 4226 410 371 309 3182 389 61 331 78 253 907 519 7959 301 35 72 229 1153 4551 962 2293 4817 5313 187 5936 8541 542 1132 1878 9993 135 1413 7869 880 32 211 60 42 957 145 79 3240 207 574 3369 1476 604 2563 1401 1124 494 789 387 4938 34 206 1599 26 532 305 2538 370 73 178 339 5699 54 2577 6259 727 901 679 805 595 1386 46 515 2187 4589 131 1591
45 554 8 0 7 138 2 5661 69 9 6698 1122 6459 176 1 6 5 27 2513 11 57 15 14 3 4 5990 671 3158 19 1714 193 7850 107 17 1502 155 253 7055 1954 120 2818 2216 583 236 4266 859 867 139 1310 2487 23 309 121 1584 35 650 2258 2120 316 2079 7548 542 62 2726 22 329 1482 252 482 784 199 1152 7584 126 1387 97 1881 78 16 3470 442 13 45 7373 28 70 948 1799 41 595 2721 184 1174 4226 229 6082 1065 131 243 637 18 1643 624 164 55 1597 38 26 7895 303 468
46 1502 138 8 0 9 485 2 7 1 27 5 873 28 4 5974 3 410 155 19 22 166 145 148 3264 6 915 5209 14 665 20 1183 110 23 549 1524 107 12 896 968 4814 15 11 280 152 637 5402 4686 58 57 1972 764 5374 9731 325 55 1704 1587 13 21 4704 8929 72 54 24 146 18 25 482 17 409 249 330 2208 4301 2744
47 138 8 1495 0 9 2 7 5 583 69 1 120 3483 28 199 1200 2264 468 4 19 9054 14 3106 6 37 27 3 193 5990 23 11 21 2685 316 15 1434 480 236 57 3514 110 139 5182 22 1327 65 382 6930 72 135 2208 3139 3635 253 268 4336 4291 17 995 485 84 184 35 24 95 20 751 38 1171 16 4063 13 4881 309 301 1005 1134 48 6178 158 10 880 2196 88
48 3684 8 0 1384 176 9 138 2 7 583 6 19 5 120 404 1 27 4247 2955 4799 69 1554 164 3 148 356 252 14 15 1510 63 3158 74 4 13 751 184 494 1809 2825 389 28 30 21 4497 11 20 16 199 211 37 1344 8334 103 5843 330 17 1312 96 1350 79 1575 4157 10 236 914 1593 22 398 841 110 146 2905 309 300 7569 2198 41 57 348 198 3708 325 5209 23 1256
49 8 138 0 7 9 28 2 8450 1 27 5 14 2371 4613 3923 3 19 63 69 37 120 1604 6 11 4 899 1917 121 23 316 1122 107 72 17 15 4551 229 61 114 20 5895 184 13 9957 1065 12 7709 57 686 1440 148 566 1352 253 16 164 1799 55 131 97 123 21 476 914 22 52 10 9713 552 4164 58 29 137 646 1452
50 54 10 39 871 44 261 343 87 60 50 103 63 3796 117 1921 30 34 228 78 8044 140 204 145 653 8123 587 585 178 513 2147 31 2941 132 26 36 817 211 42 4819 198 95 88 75 206 404 382
51 0 2818 9365 8 725 7 1 2 5501 5 9 27 28 977 121 3 3046 4 14 11 197 3923 6 2826 21 15 5659 2148 63 5603 45 117 78 35 1387 6877 5031 17 371 22 13 20 30 18 19 1225 58 665 12 10 1989 1826 16 1745 102 24 1159 1692 2420 41 268 146 910 72 329 187 23 2613 198 2500
52 2164 8955 175 4089 2190 74 6001 51 1702 3319 365 299 60 2721 1651 4277 25 310 197 397 47 2175 1017 5069 742 1805 1023 225 1417 587 1853 1186 5555 6376 146 5299 64 1012 1379 212 1088 2029 509 2601 123 6539 6228 6514 4844 1096 300 95
53 138 0 968 9 8 1077 1 2 7 404 900 121 69 27 252 1434 6 1384 14 468 1495 4 15 3102 5 176 184 869 243 927 11 909 1876 72 114 120 356 3 236 1171 873 7712 1591 28 19 20 679 166 2433 21 23 494 4525 6126 566 12 107 5150 6051 6035 1270 9551 74 78 13 371 1408 37 16 30 55 999 2282 653 9225 152 187 57 583 2983 84 54 70 524 26 309 211 4478 1510 1296 65 61 131 8660 899 2976 117 3054 199 82 1428 1958 9542
54 24 82 1834 135 23 1780 1330 22 45 30 41 110 29 117 2649 7759 7110 32 144 78 869 1159 35 1528 8058 9162 132 1114 445 647 2134 5667 26 88 662 902 2709 9840 659 243 1613 42 928 231 2697 39 346 52 119 8015 735 53 517 2666 1836 157 7742 776 2316
55 3244 1502 1737 6887 8 1263 1495 0 2 126 7 9 27 3774 1184 155 176 1 468 5 410 404 14 28 900 485 11 867 19 1089 3 7293 725 37 15 30 6 4 2112 5603 1270 121 4650 13 252 17 8147 1434 199 6809 637 737 650 138 3008 21 63 4507 193 2651 681 4148 58 229 8094 9765 957 1070 3477 65 166 1151 16 183 2448 330 1667 348 107 662 18 57 145 10 117 20 6478 443 5285 72 211 747 1894 2577 115 84 12 131 5664 731 123 187 914
56 3756 2264 1502 0 8 5276 9 2 7 27 1 19 14 5 485 1184 8402 4 6 1591 69 37 121 236 3 148 13 11 35 624 16 45 21 24 62 2371 731 12 2282 17 23 145 18 22 632 44 8702 2431 15 28 3057 135 1476 72 2943 40 1697 112 30 1194 32 595 391 103 7499 58 1840 805 184 9915
57 3975 0 8 7 1572 27 797 2 708 1 5 126 9 28 69 176 19 1334 14 121 2780 4 3831 11 2120 3 2371 410 6 197 6986 372 63 356 404 2112 65 107 148 37 583 316 6979 145 62 21 102 3613 243 253 6452 135 309 268 566 940 199 3807 16 41 13 7559 166 2683 1468 224 671 38 20 139 6616 3299 44 74 4881 152 30 4618 2240 117 88 7672 17 484 187 2134 57 15 389 1272 82 206 1697 171 18 624 480 6668 301 907
58 41 21 187 7013 178 32 25 139 1171 4390 1423 1549 850 95 1122 112 878 2659 2857 57 395 1350 280 29 653 684 9183 4859 72 1360 6486 252 609 778 2163 60 44 18 6379 585 388 152 30 28 2427 35 111 285 50 1587 103 290 26 1106 720 2099 1065 80 10 5838 61 114 22 27 256 6568
59 39 857 1011 762 535 79 343 167 746 933 1745 195 2231 1805 6134 231 53 1480 8146 142 702 216 2980 305 48 73 41 60 6246 536 1566 8969 871 1966 1277 189 4646 2104 327 1187 2948 434 902
60 23 2612 1513 1131 152 148 4413 940 5011 625 2573 54 268 280 583 5616 58 139 3455 4609 78 3884 5442 83 1876 132 84 331 110 747 1128 2316 6848 238 2526 2169 878 77 31 30 615 4373 2730 24 574 1807 409 1723 3319 4021 216 1161 1927 1321 1398 4837 163 123 44 1244 103 403 2859 9271 762 1750 61 1351 451 970 29 5661
61 103 7291 395 1294 2538 45 33 90 60 54 3215 342 1398 18 110 6475 5055 7546 255 2967 4859 1772 5253 3036 81 24 1949 650 510 841 5801 41 178 114 2960 51 206 8672 140 5576 2759 158 1137 3661 146 108 3302 5773 1095 1735 3884 1989 411 534 142 331 290 6082
62 138 8 155 0 583 69 2 7 9 120 14 1 176 28 919 356 6 5 11 8734 236 4 199 3 27 2616 6379 107 15 62 2521 23 3428 35 16 679 662 147 12 4413 3270 7966 13 495 7454 19 63 102 5887 7624 907 1310 1122 41 309 2076 382 20 3052 5876 325 2858 24 112 10 197 58 148 21 9502 57 404 442 1173 1117 164 249 1225 117 37 17 126 1012 1771 1610 65 303
63 1495 138 0 8 9 583 7892 2 7 5 1 14 148 4813 3 27 4 19 2291 15 977 6 28 468 11 4281 8897 1524 1183 72 1395 44 356 8200 55 13 21 3991 57 3398 8309 316 16 155 6730 82 22 280 107 432 20 1385 7218 900 1638 69 1894 198 12 968 45 184 3054 709 135 74 7809 1571 23 2371 164 1554 3205 8402 372 3759 63 824 1283 859 849 70 285 4636 30 131 815 65 7461 1714 243 398 120 36 3248 37 1052 4364
64 1737 8 0 126 9305 9 7 2 621 1 28 69 120 27 4 6 5091 229 356 193 1283 5 671 11 3 19 15 107 166 6769 63 17 1236 21 9584 58 57 2705 13 102 829 1384 157 299 7837 73 12 22 4291 32 3211 9665 1745 494 388 20 2919 152 426 1930 1446 72 6543 3032 211 45 55 342 3561 2126 824 16 10 103 971
65 5720 1692 824 1161 542 206 152 1903 25 1168 157 123 132 74 1732 517 2180 23 734 346 1004 83 1921 33 29 268 73 32 187 6575 4819 82 764 56 87 2837 9592 44 26 1298 343 4725 86 6756 561 1718 4089 38 429 1423 35 487 9831 626 3141 1530 178 3407 72 389 131 737 371 442
66 8 0 3477 138 2 9 7 5 404 14 1 252 485 27 7674 356 3 1564 236 63 19 6 28 4 549 65 15 211 22 11 3767 166 155 5973 78 18 468 23 1437 13 684 229 681 21 58 10 662 815 114 20 632 135 1369 7325 1093 2785 35 62 524 158 8955 301 8012 4696 30 382 4347 97 342 1376 4744 70 1365 102 57 164 4103 2139 5754 300 309 161 1583 1610 1951 38 979 157 316
67 8 0 155 9 3389 2 1 7 468 5 37 126 63 4 19 2148 1290 6 138 1495 1263 120 27 152 2700 1225 4023 3 7537 11 78 46 9886 21 199 28 34 708 899 5391 2713 3467 4977 16 12 404 65 86 3975 14 135 2088 2291 57 1153 1434 299 69 121 5705 18 4430 15 815 3493 193 96 23 3767 184 8080 61 681 4510 5643 726 1679 1270 650 146 5860 1734 56 1222 30 3266 117 7108 482 204 2707 979 3631 671 285 1052 309 1881
68 554 0 1888 155 2 7 9 4347 1 197 8 14 69 27 5 4 6 725 11 28 236 199 3 20 19 15 356 62 6163 21 3591 37 426 1734 8466 18 17 12 5350 372 58 229 653 102 243 5286 404 896 1395 249 5582 63 899 3160 65 78 5848 299 184 114 9710 16 1593 612 342 331 3884 330 22 4919 207 1320 60 6745 5667 117 135 13 2258 132 26 301 4977 126
69 83 26 2359 778 3266 1294 216 1988 659 54 6169 756 4436 95 80 489 572 745 346 162 4035 2085 993 519 532 2100 7827 86 5241 7444 7042 142 884 807 4828 77 427 599 8180 5876 146 4008 3229 204 3499 6775 1877 4734 486 231
70 342 204 39 1807 25 112 3686 6050 203 103 132 1757 46 2547 332 80 2020 7876 59 2033 240 344 534 170 73 3624 1113 5641 8864 880 299 3246 843 3569 5601 1604 249 7357 2666 1137 1084 231 27 147 1344 123 516 45 626 4046 2652 4099
71 0 8 968 2 9 7 5 1 138 404 1495 27 1384 4656 69 120 252 197 19 4 442 2291 3 15 28 329 268 62 131 20 290 236 11 2591 1766 1671 3424 243 6 2700 309 859 655 2513 728 229 451 139 727 16 21 3684 1506 22 609 919 709 355 2212 4148 26 148 330 9957 36 37 184 164 121 110 158 6018 1721 14 17 5295 18 84 13 2684 30 7086 199 962 74 114 112 480 10 1155 249 72 549
72 10 6092 1894 103 62 22 17 139 2261 3358 158 1571 25 280 800 332 5845 7862 3642 5038 24 2063 18 7226 63 16 1183 3549 168 1721 3162 38 79 40 110 135 299 201 32 342 992 8309 46 196 161 8168 41 1546 742 1119 1300 7147 70 6467 95 231 112 4801 710
73 58 12 3166 382 919 3826 184 782 197 665 44 131 776 5124 348 74 110 72 596 1522 62 1339 524 2063 70 149 249 703 35 2703 899 1128 178 82 158 31 484 95 574 92 4320 8156 119 22 7218 1232 41 2240 161 1274 132 55 30 227 1562 619 1114 3131 1195 137 29 6735 193 4726 2249 520 7798 971 164 990 6188 432
74 621 0 5526 968 2 9 8 126 7 155 14 1 199 27 1583 5 1610 4 62 121 184 3 63 5621 15 2112 7518 914 443 148 731 468 8853 9543 73 6 869 120 2425 19 56 990 948 671 501 28 5973 612 487 145 2238 253 653 4676 1917 7594 7354 21 1077 2274 1395 18 2313 2385 45 12 7211 1184 1224 6097 24 372 57 16 4881 102 5434 625 1048 211 8938 595 1001 5255 4514 243 383 22 686 280 9716 992 70 1667 410 38 330
75 1671 8 0 1482 7 6165 1 69 9 873 2 27 155 977 5 28 4 6 63 224 2177 6290 72 679 3 4342 37 410 15 58 62 3520 166 57 2238 6767 501 20 751 14 17 782 16 3204 18 107 12 542 19 2448 2616 82 1522 1005 30 335 84 1593 13 121 1119 145 139 240 3853 454 24 49 11 4606 60 45 4834 940 8271
76 2060 0 867 8 900 869 155 2 9 27 7 5 1 3992 8095 6402 121 4 3 14 63 6 28 549 16 184 3279 236 22 4364 372 145 30 3182 3408 148 11 19 6288 112 126 2168 389 107 1344 13 332 17 35 681 21 152 542 10 114 24 23 88 2844 62 484 157 44 12 164 552 104 50 15 166 1388 3060 3887 243
77 513 30 2942 4959 1638 3603 1251 1258 8241 1352 235 183 7342 6961 32 2265 52 204 289 82 3293 1300 4098 75 1577 254 533 651 8332 81 7792 403 68 92 59 271 2657 343 1393 3981 4430 305 168
78 10 21 58 1395 29 789 122 114 2810 443 102 325 285 1613 30 50 9832 3006 63 96 145 210 72 34 2112 47 825 88 12 4452 25 2162 1600 424 388 24 37 61 3014 2523 5566 2145 3981 878 70 907 3796 245 961 737 1629 90 46 211 2610 390 253
79 332 35 43 140 42 56 516 880 44 762 110 185 139 1883 659 51 3369 119 1628 650 1020 1732 1961 227 1155 107 4388 382 187 4372 245 52 1061 118 1847 36 34 329 61 2692 117 5175 7816 224 3983 501 3242 1121 1005 371 5069 1861 836 387 1704 1762
80 138 968 0 8 3106 869 2 7 126 9 1 63 120 5 19 69 13 6 107 3 303 184 11 65 14 442 17 28 7389 4 1799 27 285 2741 15 389 20 5546 299 10 329 38 24 2060 1132 1159 928 1090 206 158 4317 1540 16 121 102 686 342 6337 1153 703 3540 4329 404 123 197 377 37 348 36 3923 426 176 18 70 371 23 805 224 451 6126 1757 2985 8454 6057 609 1572 155
81 138 8 0 554 7 2 155 5 9 27 1 120 65 4 14 7234 69 19 37 3 28 148 11 6 329 131 8094 20 15 316 8992 16 13 58 57 737 62 21 1564 152 372 662 268 3441 17 9039 715 7081 38 206 211 63 72 10 3199 513 102 8243 103 928 54 1183 659 193 1575 451 61 74 2138 348 595 5516 1627 1387 2145 9957 22 117 2820 7975 2088 2668
82 1671 3097 138 8 0 155 9 2 7 1 6656 63 355 120 6 14 27 3457 5 139 252 28 65 126 3 7677 19 907 725 4 121 11 494 21 1734 16 229 253 999 426 15 13 484 96 3142 37 2717 166 339 58 432 61 1937 32 22 62 12 20 125 199 69 7253 74 2047 29 3471 73 17 662 56 41 131 30 1606 3332 8643
83 3244 859 0 8 1482 155 2 7 1 900 968 9 2780 126 5 485 19 6 3 4 199 184 11 2433 28 14 21 372 63 121 4022 69 371 15 4178 120 13 4273 12 148 329 2229 1524 16 61 1065 4188 382 20 301 632 1376 25 1225 5442 42 2825 2292 17 751 6607 56 1483 1004 3443 8839 58 32 663 1862 52 96 70 9649 229 139 5268 2478 1387
84 138 8 0 621 6049 176 2 7 9 5276 5 1 15 468 9047 27 4 28 6 4266 14 2701 5725 3 914 940 482 22 65 20 11 12 4432 38 1826 16 1131 5031 2871 4210 3008 131 17 37 86 13 915 145 1707 1327 21 123 229 1447 7959 824 72 442 382 30 29 410 595 10 3424 5268 1506 23 332 135 78 4291 599 32 1541 5448
85 187 4421 78 7401 18 552 5349 524 2562 330 6234 38 1388 325 29 4962 90 1352 22 4558 6304 158 33 175 1106 1506 25 102 24 432 8100 53 510 495 96 232 1412 92 106 6180 715 4703 55 26 54 384 62 1718 5605 40 115 636 496 3024 123 60 88 782
86 0 7 8 2 1 5 485 27 3 9 14 28 11 199 15 4 19 152 72 6 23 13 968 7584 35 1734 164 21 16 5350 9514 782 57 2019 6087 1896 30 372 206 8978 5773 44 121 62 58 1757 18 10 4618 96 545 3137 131 277 348 87 538 726 1601 37 596 98 145 267 636 625 102 1151 3526 9657
87 82 995 625 451 38 1725 4460 30 4040 231 4589 74 1324 6915 193 663 16 7013 389 110 329 25 789 4985 2045 331 6045 2978 10 123 4281 1862 4609 2950 41 31 5136 476 159 21 57 166 949 35 339 1702 2533 2334 2088 52 26 1541 7408 45 1558 703 2509 36 1073 5463 1884 78 377 3890 1137 1692 1506
88 8 0 1263 9 2 869 7 27 7117 1583 120 1 1958 155 69 4 4841 1591 355 5 19 3 15 14 4500 6 914 5546 21 7727 45 5668 356 9593 63 11 65 37 38 290 1223 957 510 5778 22 751 17 8381 2316 1808 329 210 316 7707 211 54 83 16 9358 57 8461 13 382 1571 146 1468 4479 110 12 3022 7777 90 164 2020 6831 166 135 879
89 4537 41 71 17 424 60 157 26 112 161 53 500 268 25 841 240 233 146 4962 2177 156 1981 34 2377 12 8790 79 50 484 135 4281 665 238 8992 110 114 532 914 178 355 4122 3024 436 5895 97 280 2941 30 1340 44 943 74 4048 720 594 224 126 1809
90 8 0 4171 9 1384 7 155 554 1 5 2 2899 28 3457 15 9054 19 6 120 21 229 17 3 139 4 27 14 655 11 158 410 679 12 23 309 4829 10 720 1452 157 107 4329 30 896 1189 102 330 3977 6160 1110 3299 331 13 145 35 72 16 2212 2169 290 2322 24 4497 1704 3412 22 117 25 198 424 55
91 3244 8 138 0 176 7 869 5 9 4171 27 14 126 1 120 2 948 3 5659 184 4 6 253 28 193 30 199 19 17 78 426 139 2871 16 1437 72 145 35 2371 13 164 55 114 12 2685 22 2304 389 443 2741 38 41 1287 63 70 58 8334 1016 57 65 1691 439 23 15 102 2492 48 135 8019 82 267 20 1151 61 585 1090 331 2282 2168 4131
92 3097 8 0 1334 1958 27 2 7 1 9 14 549 5 176 1714 3 9138 583 15 120 121 6 356 69 21 252 19 199 4 1434 253 30 1065 20 57 585 13 2067 28 38 3676 442 16 41 7776 17 65 8801 12 37 73 268 145 22 24 97 72 1106 3299 10 355 907 31 11 18 659 7373 74 62 6166 2572 679
93 110 561 9351 2296 1420 193 2809 7315 3540 187 1027 824 119 1429 494 267 1330 24 47 3532 4704 372 9562 42 103 2844 1862 2180 4568 1225 39 2419 669 1093 2147 3025 396 1332 152 9246 526 1351 87 2067 4984 9710 3996 4040 48 8465 164 1436 1151 841 6684 1155 50 2552 5205 137 9888 81 587
94 1270 62 5725 737 957 63 1679 1812 3053 915 22 4103 686 107 224 57 45 61 720 9652 1930 1771 2923 12 5442 1408 189 330 1168 249 18 8835 2639 2744 7003 451 299 7042 9464 41 370 1661 1548 277 1287 6502 2136 731 1925 1313 3095 86 616 75 52 348 2085 31 516 3121 396 33 884 34 2359 735 1008 800 1768 5626 24
95 103 187 2659 2338 9639 97 812 2114 594 61 44 29 967 23 36 284 1124 2825 66 212 7866 92 25 132 8787 161 26 646 51 2810 2383 1925 86 106 746 331 429 784 1707 46 6951 98 56 574 886 78 255 196 638 183 79 596
96 43 183 1777 2525 205 156 9021 455 53 969 112 614 207 61 4421 18 2088 41 7307 106 44 424 255 79 4130 140 545 1807 20 659 249 7173 1429 5616 634 7155 117 6744 267 64 92 487 1404 9946 1112 3094 1001 1465 929 233 734 82 1195 2240
97 5381 0 8 138 6102 2 5276 9 4142 1 7 5 14 4301 6 4 69 3 9691 27 28 120 126 426 1434 9630 4266 15 1200 6379 21 285 2653 3441 329 624 19 148 1881 1868 72 13 63 12 197 65 249 78 815 103 11 102 22 140 57 62 1095 131 23 16 92 2492 267 158 168 86 114 20 61 3397 5712 6062 10 707 18 6361 2200
98 3097 8 0 9 2 1 27 5 7 69 11 120 2148 410 236 14 19 139 6 62 72 3 5394 4 121 797 915 15 2039 927 2478 7347 229 63 20 44 7753 6201 1736 5350 7173 58 18 41 26 17 10 82 12 285 157 55 38 249 114 224 28 52 16 329 23 1161 35 198 434 5084 65 4157 309 684
99 8 138 3110 0 9 7 155 1334 199 69 1 27 14 303 15 5 2 28 686 7234 2478 4 19 3 193 6 62 549 37 1756 11 139 21 16 20 23 38 65 166 4258 107 63 12 36 316 30 97 747 249 10 35 637 22 13 776 24 161 708 1352 3057 1954 117 56 18 6402 41 224 44 3543 120 3849
